<?xml version="1.0" encoding="utf-8"?>
<CoverageSession xmlns:xsd="http://www.w3.org/2001/XMLSchema" xmlns:xsi="http://www.w3.org/2001/XMLSchema-instance">
  <Summary numSequencePoints="1144" visitedSequencePoints="766" numBranchPoints="476" visitedBranchPoints="241" sequenceCoverage="66.96" branchCoverage="50.63" maxCyclomaticComplexity="20" minCyclomaticComplexity="1" visitedClasses="32" numClasses="42" visitedMethods="146" numMethods="256" />
  <Modules>
    <Module skippedDueTo="Filter" hash="45-91-01-A5-B1-74-66-BD-38-39-86-0A-6F-9A-86-01-75-5E-0C-EB">
      <ModulePath>C:\windows\Microsoft.Net\assembly\GAC_64\mscorlib\v4.0_4.0.0.0__b77a5c561934e089\mscorlib.dll</ModulePath>
      <ModuleTime>2018-02-09T12:12:14.204539Z</ModuleTime>
      <ModuleName>mscorlib</ModuleName>
      <Classes />
    </Module>
    <Module skippedDueTo="MissingPdb" hash="86-E9-3D-3D-7C-09-09-11-61-67-42-C6-1E-4B-75-FF-C4-1C-03-96">
      <ModulePath>C:\Users\pxaxa\source\repos\OpenCoverUtility\bin\Debug\NUnit.Console-3.8.0\nunit3-console.exe</ModulePath>
      <ModuleTime>2018-01-27T09:29:10Z</ModuleTime>
      <ModuleName>nunit3-console</ModuleName>
      <Classes />
    </Module>
    <Module skippedDueTo="Filter" hash="63-AF-39-ED-07-00-7F-DA-71-B4-3A-2C-F3-C1-2A-76-68-13-8C-EA">
      <ModulePath>C:\windows\Microsoft.Net\assembly\GAC_MSIL\System\v4.0_4.0.0.0__b77a5c561934e089\System.dll</ModulePath>
      <ModuleTime>2018-02-09T12:12:15.48043Z</ModuleTime>
      <ModuleName>System</ModuleName>
      <Classes />
    </Module>
    <Module skippedDueTo="MissingPdb" hash="C1-08-CD-F2-59-9C-E6-0B-62-F9-09-43-74-9F-8D-57-9D-A9-93-31">
      <ModulePath>C:\Users\pxaxa\source\repos\OpenCoverUtility\bin\Debug\NUnit.Console-3.8.0\nunit.engine.api.dll</ModulePath>
      <ModuleTime>2018-01-27T09:29:10Z</ModuleTime>
      <ModuleName>nunit.engine.api</ModuleName>
      <Classes />
    </Module>
    <Module skippedDueTo="MissingPdb" hash="95-2A-FF-98-B6-82-8F-7C-F0-AC-3D-56-5A-54-93-7D-3B-32-4F-7B">
      <ModulePath>C:\Users\pxaxa\source\repos\OpenCoverUtility\bin\Debug\NUnit.Console-3.8.0\nunit.engine.dll</ModulePath>
      <ModuleTime>2018-01-27T09:29:10Z</ModuleTime>
      <ModuleName>nunit.engine</ModuleName>
      <Classes />
    </Module>
    <Module skippedDueTo="MissingPdb" hash="95-2A-FF-98-B6-82-8F-7C-F0-AC-3D-56-5A-54-93-7D-3B-32-4F-7B">
      <ModulePath>C:\Users\pxaxa\source\repos\OpenCoverUtility\bin\Debug\NUnit.Console-3.8.0\nunit.engine.dll</ModulePath>
      <ModuleTime>2018-01-27T09:29:10Z</ModuleTime>
      <ModuleName>nunit.engine</ModuleName>
      <Classes />
    </Module>
    <Module skippedDueTo="Filter" hash="4F-90-AA-7A-43-B2-44-98-7A-7A-12-FB-EF-4F-CE-E9-1A-F1-FC-8E">
      <ModulePath>C:\windows\Microsoft.Net\assembly\GAC_MSIL\System.Xml\v4.0_4.0.0.0__b77a5c561934e089\System.Xml.dll</ModulePath>
      <ModuleTime>2018-02-09T12:12:15.5935359Z</ModuleTime>
      <ModuleName>System.Xml</ModuleName>
      <Classes />
    </Module>
    <Module skippedDueTo="Filter" hash="7E-A1-99-5A-BE-A3-C0-AB-FA-1C-1F-D2-78-F9-F7-6C-18-BF-FF-C8">
      <ModulePath>C:\windows\Microsoft.Net\assembly\GAC_64\System.Web\v4.0_4.0.0.0__b03f5f7f11d50a3a\System.Web.dll</ModulePath>
      <ModuleTime>2018-02-09T12:12:01.2591778Z</ModuleTime>
      <ModuleName>System.Web</ModuleName>
      <Classes />
    </Module>
    <Module skippedDueTo="MissingPdb" hash="8A-2E-8F-D6-9D-39-02-4A-2F-30-FC-06-42-F7-0F-A8-32-69-07-72">
      <ModulePath>C:\Users\pxaxa\source\repos\OpenCoverUtility\bin\Debug\NUnit.Console-3.8.0\Mono.Cecil.dll</ModulePath>
      <ModuleTime>2018-01-27T09:29:10Z</ModuleTime>
      <ModuleName>Mono.Cecil</ModuleName>
      <Classes />
    </Module>
    <Module skippedDueTo="Filter" hash="FD-31-0F-15-D6-8D-05-C2-38-FF-29-C3-4B-AD-84-15-76-81-12-E7">
      <ModulePath>C:\windows\Microsoft.Net\assembly\GAC_MSIL\System.Runtime.Remoting\v4.0_4.0.0.0__b77a5c561934e089\System.Runtime.Remoting.dll</ModulePath>
      <ModuleTime>2018-02-09T12:12:18.2684524Z</ModuleTime>
      <ModuleName>System.Runtime.Remoting</ModuleName>
      <Classes />
    </Module>
    <Module skippedDueTo="Filter" hash="81-DE-41-E4-CF-35-79-0F-0A-D0-B6-43-FC-EB-6A-47-5F-D8-69-04">
      <ModulePath>C:\windows\Microsoft.Net\assembly\GAC_MSIL\System.Configuration\v4.0_4.0.0.0__b03f5f7f11d50a3a\System.Configuration.dll</ModulePath>
      <ModuleTime>2018-02-09T12:12:20.5471471Z</ModuleTime>
      <ModuleName>System.Configuration</ModuleName>
      <Classes />
    </Module>
    <Module skippedDueTo="Filter" hash="45-91-01-A5-B1-74-66-BD-38-39-86-0A-6F-9A-86-01-75-5E-0C-EB">
      <ModulePath>C:\windows\Microsoft.Net\assembly\GAC_64\mscorlib\v4.0_4.0.0.0__b77a5c561934e089\mscorlib.dll</ModulePath>
      <ModuleTime>2018-02-09T12:12:14.204539Z</ModuleTime>
      <ModuleName>mscorlib</ModuleName>
      <Classes />
    </Module>
    <Module skippedDueTo="MissingPdb" hash="23-B3-8E-36-35-0B-BD-20-43-E0-A1-0E-D9-F4-93-5D-15-17-91-15">
      <ModulePath>C:\Users\pxaxa\source\repos\OpenCoverUtility\bin\Debug\NUnit.Console-3.8.0\nunit-agent.exe</ModulePath>
      <ModuleTime>2018-01-27T09:29:10Z</ModuleTime>
      <ModuleName>nunit-agent</ModuleName>
      <Classes />
    </Module>
    <Module skippedDueTo="MissingPdb" hash="C1-08-CD-F2-59-9C-E6-0B-62-F9-09-43-74-9F-8D-57-9D-A9-93-31">
      <ModulePath>C:\Users\pxaxa\source\repos\OpenCoverUtility\bin\Debug\NUnit.Console-3.8.0\nunit.engine.api.dll</ModulePath>
      <ModuleTime>2018-01-27T09:29:10Z</ModuleTime>
      <ModuleName>nunit.engine.api</ModuleName>
      <Classes />
    </Module>
    <Module skippedDueTo="MissingPdb" hash="95-2A-FF-98-B6-82-8F-7C-F0-AC-3D-56-5A-54-93-7D-3B-32-4F-7B">
      <ModulePath>C:\Users\pxaxa\source\repos\OpenCoverUtility\bin\Debug\NUnit.Console-3.8.0\nunit.engine.dll</ModulePath>
      <ModuleTime>2018-01-27T09:29:10Z</ModuleTime>
      <ModuleName>nunit.engine</ModuleName>
      <Classes />
    </Module>
    <Module skippedDueTo="Filter" hash="63-AF-39-ED-07-00-7F-DA-71-B4-3A-2C-F3-C1-2A-76-68-13-8C-EA">
      <ModulePath>C:\windows\Microsoft.Net\assembly\GAC_MSIL\System\v4.0_4.0.0.0__b77a5c561934e089\System.dll</ModulePath>
      <ModuleTime>2018-02-09T12:12:15.48043Z</ModuleTime>
      <ModuleName>System</ModuleName>
      <Classes />
    </Module>
    <Module skippedDueTo="Filter" hash="4F-90-AA-7A-43-B2-44-98-7A-7A-12-FB-EF-4F-CE-E9-1A-F1-FC-8E">
      <ModulePath>C:\windows\Microsoft.Net\assembly\GAC_MSIL\System.Xml\v4.0_4.0.0.0__b77a5c561934e089\System.Xml.dll</ModulePath>
      <ModuleTime>2018-02-09T12:12:15.5935359Z</ModuleTime>
      <ModuleName>System.Xml</ModuleName>
      <Classes />
    </Module>
    <Module skippedDueTo="Filter" hash="7E-A1-99-5A-BE-A3-C0-AB-FA-1C-1F-D2-78-F9-F7-6C-18-BF-FF-C8">
      <ModulePath>C:\windows\Microsoft.Net\assembly\GAC_64\System.Web\v4.0_4.0.0.0__b03f5f7f11d50a3a\System.Web.dll</ModulePath>
      <ModuleTime>2018-02-09T12:12:01.2591778Z</ModuleTime>
      <ModuleName>System.Web</ModuleName>
      <Classes />
    </Module>
    <Module skippedDueTo="MissingPdb" hash="8A-2E-8F-D6-9D-39-02-4A-2F-30-FC-06-42-F7-0F-A8-32-69-07-72">
      <ModulePath>C:\Users\pxaxa\source\repos\OpenCoverUtility\bin\Debug\NUnit.Console-3.8.0\Mono.Cecil.dll</ModulePath>
      <ModuleTime>2018-01-27T09:29:10Z</ModuleTime>
      <ModuleName>Mono.Cecil</ModuleName>
      <Classes />
    </Module>
    <Module skippedDueTo="Filter" hash="FD-31-0F-15-D6-8D-05-C2-38-FF-29-C3-4B-AD-84-15-76-81-12-E7">
      <ModulePath>C:\windows\Microsoft.Net\assembly\GAC_MSIL\System.Runtime.Remoting\v4.0_4.0.0.0__b77a5c561934e089\System.Runtime.Remoting.dll</ModulePath>
      <ModuleTime>2018-02-09T12:12:18.2684524Z</ModuleTime>
      <ModuleName>System.Runtime.Remoting</ModuleName>
      <Classes />
    </Module>
    <Module skippedDueTo="Filter" hash="81-DE-41-E4-CF-35-79-0F-0A-D0-B6-43-FC-EB-6A-47-5F-D8-69-04">
      <ModulePath>C:\windows\Microsoft.Net\assembly\GAC_MSIL\System.Configuration\v4.0_4.0.0.0__b03f5f7f11d50a3a\System.Configuration.dll</ModulePath>
      <ModuleTime>2018-02-09T12:12:20.5471471Z</ModuleTime>
      <ModuleName>System.Configuration</ModuleName>
      <Classes />
    </Module>
    <Module skippedDueTo="MissingPdb" hash="6C-04-8C-57-BA-16-AC-9A-1E-6F-C5-9B-72-58-A4-91-04-FA-A5-1E">
      <ModulePath>C:\Users\pxaxa\source\repos\DataTransferService\bin\Release\nunit.framework.dll</ModulePath>
      <ModuleTime>2017-02-25T05:23:22Z</ModuleTime>
      <ModuleName>nunit.framework</ModuleName>
      <Classes />
    </Module>
    <Module skippedDueTo="Filter" hash="63-AF-39-ED-07-00-7F-DA-71-B4-3A-2C-F3-C1-2A-76-68-13-8C-EA">
      <ModulePath>C:\windows\Microsoft.Net\assembly\GAC_MSIL\System\v4.0_4.0.0.0__b77a5c561934e089\System.dll</ModulePath>
      <ModuleTime>2018-02-09T12:12:15.48043Z</ModuleTime>
      <ModuleName>System</ModuleName>
      <Classes />
    </Module>
    <Module skippedDueTo="Filter" hash="FC-FE-E5-ED-6A-DC-B6-40-E2-18-8D-5A-DC-FD-FA-75-EF-A8-9E-9C">
      <ModulePath>C:\windows\Microsoft.Net\assembly\GAC_MSIL\System.Core\v4.0_4.0.0.0__b77a5c561934e089\System.Core.dll</ModulePath>
      <ModuleTime>2018-02-09T12:12:20.4880795Z</ModuleTime>
      <ModuleName>System.Core</ModuleName>
      <Classes />
    </Module>
    <Module skippedDueTo="Filter" hash="7E-A1-99-5A-BE-A3-C0-AB-FA-1C-1F-D2-78-F9-F7-6C-18-BF-FF-C8">
      <ModulePath>C:\windows\Microsoft.Net\assembly\GAC_64\System.Web\v4.0_4.0.0.0__b03f5f7f11d50a3a\System.Web.dll</ModulePath>
      <ModuleTime>2018-02-09T12:12:01.2591778Z</ModuleTime>
      <ModuleName>System.Web</ModuleName>
      <Classes />
    </Module>
    <Module hash="48-07-AC-71-5D-60-83-71-70-28-44-F1-8C-35-7B-F2-8D-2D-53-56">
      <Summary numSequencePoints="440" visitedSequencePoints="276" numBranchPoints="127" visitedBranchPoints="38" sequenceCoverage="62.73" branchCoverage="29.92" maxCyclomaticComplexity="10" minCyclomaticComplexity="1" visitedClasses="6" numClasses="12" visitedMethods="21" numMethods="95" />
      <ModulePath>C:\Users\pxaxa\source\repos\DataTransferService\bin\Release\KLATencor.DataTransfer.Service.UnitTest.dll</ModulePath>
      <ModuleTime>2018-04-09T06:39:20.6600266Z</ModuleTime>
      <ModuleName>KLATencor.DataTransfer.Service.UnitTest</ModuleName>
      <Files>
        <File uid="1" fullPath="C:\Users\pxaxa\source\repos\DataTransferService\DataTransferService.UnitTest\IntegrationTest.cs" />
        <File uid="2" fullPath="C:\Users\pxaxa\source\repos\DataTransferService\DataTransferService.UnitTest\JobManagerTest.cs" />
        <File uid="4" fullPath="C:\Users\pxaxa\source\repos\DataTransferService\DataTransferService.UnitTest\ConfigurationProviderTest.cs" />
        <File uid="7" fullPath="C:\Users\pxaxa\source\repos\DataTransferService\DataTransferService.UnitTest\RepositoryHelperTest.cs" />
        <File uid="9" fullPath="C:\Users\pxaxa\source\repos\DataTransferService\DataTransferService.UnitTest\RepositoryTest.cs" />
        <File uid="11" fullPath="C:\Users\pxaxa\source\repos\DataTransferService\DataTransferService.UnitTest\TransferrerTest.cs" />
      </Files>
      <Classes>
        <Class>
          <Summary numSequencePoints="0" visitedSequencePoints="0" numBranchPoints="0" visitedBranchPoints="0" sequenceCoverage="0" branchCoverage="0" maxCyclomaticComplexity="0" minCyclomaticComplexity="0" visitedClasses="0" numClasses="0" visitedMethods="0" numMethods="0" />
          <FullName>&lt;Module&gt;</FullName>
          <Methods />
        </Class>
        <Class>
          <Summary numSequencePoints="79" visitedSequencePoints="69" numBranchPoints="16" visitedBranchPoints="11" sequenceCoverage="87.34" branchCoverage="68.75" maxCyclomaticComplexity="5" minCyclomaticComplexity="1" visitedClasses="1" numClasses="1" visitedMethods="6" numMethods="6" />
          <FullName>KLATencor.DataTransfer.Service.UnitTest.IntegrationTest</FullName>
          <Methods>
            <Method visited="true" cyclomaticComplexity="5" nPathComplexity="0" sequenceCoverage="86.36" branchCoverage="100" isConstructor="false" isStatic="false" isGetter="false" isSetter="false">
              <Summary numSequencePoints="22" visitedSequencePoints="19" numBranchPoints="1" visitedBranchPoints="1" sequenceCoverage="86.36" branchCoverage="100" maxCyclomaticComplexity="5" minCyclomaticComplexity="5" visitedClasses="0" numClasses="0" visitedMethods="1" numMethods="1" />
              <MetadataToken>100663297</MetadataToken>
              <Name>System.Void KLATencor.DataTransfer.Service.UnitTest.IntegrationTest::QueryRESTEndPoint(System.String)</Name>
              <FileRef uid="1" />
              <SequencePoints>
                <SequencePoint vc="1" uspid="1" ordinal="0" offset="0" sl="20" sc="13" el="24" ec="70" bec="0" bev="0" fileid="1" />
                <SequencePoint vc="1" uspid="2" ordinal="1" offset="32" sl="26" sc="13" el="26" ec="48" bec="0" bev="0" fileid="1" />
                <SequencePoint vc="1" uspid="3" ordinal="2" offset="47" sl="28" sc="13" el="28" ec="94" bec="0" bev="0" fileid="1" />
                <SequencePoint vc="1" uspid="4" ordinal="3" offset="63" sl="30" sc="13" el="30" ec="37" bec="0" bev="0" fileid="1" />
                <SequencePoint vc="1" uspid="5" ordinal="4" offset="74" sl="31" sc="13" el="31" ec="54" bec="0" bev="0" fileid="1" />
                <SequencePoint vc="1" uspid="6" ordinal="5" offset="85" sl="33" sc="20" el="33" ec="59" bec="0" bev="0" fileid="1" />
                <SequencePoint vc="1" uspid="7" ordinal="6" offset="92" sl="35" sc="24" el="35" ec="57" bec="0" bev="0" fileid="1" />
                <SequencePoint vc="1" uspid="8" ordinal="7" offset="99" sl="37" sc="21" el="37" ec="44" bec="0" bev="0" fileid="1" />
                <SequencePoint vc="1" uspid="9" ordinal="8" offset="106" sl="38" sc="17" el="38" ec="18" bec="0" bev="0" fileid="1" />
                <SequencePoint vc="1" uspid="10" ordinal="9" offset="129" sl="43" sc="17" el="43" ec="71" bec="0" bev="0" fileid="1" />
                <SequencePoint vc="1" uspid="11" ordinal="10" offset="140" sl="45" sc="17" el="45" ec="47" bec="0" bev="0" fileid="1" />
                <SequencePoint vc="1" uspid="12" ordinal="11" offset="147" sl="46" sc="24" el="46" ec="65" bec="0" bev="0" fileid="1" />
                <SequencePoint vc="1" uspid="13" ordinal="12" offset="154" sl="48" sc="28" el="48" ec="61" bec="0" bev="0" fileid="1" />
                <SequencePoint vc="1" uspid="14" ordinal="13" offset="163" sl="50" sc="25" el="50" ec="50" bec="0" bev="0" fileid="1" />
                <SequencePoint vc="1" uspid="15" ordinal="14" offset="172" sl="51" sc="21" el="51" ec="22" bec="0" bev="0" fileid="1" />
                <SequencePoint vc="1" uspid="16" ordinal="15" offset="186" sl="52" sc="17" el="52" ec="18" bec="0" bev="0" fileid="1" />
                <SequencePoint vc="1" uspid="17" ordinal="16" offset="200" sl="54" sc="17" el="54" ec="66" bec="0" bev="0" fileid="1" />
                <SequencePoint vc="1" uspid="18" ordinal="17" offset="212" sl="55" sc="13" el="55" ec="14" bec="0" bev="0" fileid="1" />
                <SequencePoint vc="0" uspid="19" ordinal="18" offset="214" sl="56" sc="13" el="56" ec="18" bec="0" bev="0" fileid="1" />
                <SequencePoint vc="0" uspid="20" ordinal="19" offset="215" sl="57" sc="17" el="57" ec="56" bec="0" bev="0" fileid="1" />
                <SequencePoint vc="0" uspid="21" ordinal="20" offset="225" sl="58" sc="13" el="58" ec="14" bec="0" bev="0" fileid="1" />
                <SequencePoint vc="1" uspid="22" ordinal="21" offset="227" sl="59" sc="9" el="59" ec="10" bec="0" bev="0" fileid="1" />
              </SequencePoints>
              <BranchPoints />
              <MethodPoint xsi:type="SequencePoint" vc="1" uspid="1" ordinal="0" offset="0" sl="20" sc="13" el="24" ec="70" bec="0" bev="0" fileid="1" />
            </Method>
            <Method visited="true" cyclomaticComplexity="2" nPathComplexity="2" sequenceCoverage="90.91" branchCoverage="66.67" isConstructor="false" isStatic="false" isGetter="false" isSetter="false">
              <Summary numSequencePoints="11" visitedSequencePoints="10" numBranchPoints="3" visitedBranchPoints="2" sequenceCoverage="90.91" branchCoverage="66.67" maxCyclomaticComplexity="2" minCyclomaticComplexity="2" visitedClasses="0" numClasses="0" visitedMethods="1" numMethods="1" />
              <MetadataToken>100663298</MetadataToken>
              <Name>System.Void KLATencor.DataTransfer.Service.UnitTest.IntegrationTest::Integration_TestRESTEndPoints()</Name>
              <FileRef uid="1" />
              <SequencePoints>
                <SequencePoint vc="1" uspid="23" ordinal="0" offset="0" sl="65" sc="13" el="65" ec="81" bec="0" bev="0" fileid="1" />
                <SequencePoint vc="1" uspid="24" ordinal="1" offset="11" sl="66" sc="13" el="66" ec="65" bec="0" bev="0" fileid="1" />
                <SequencePoint vc="1" uspid="25" ordinal="2" offset="17" sl="68" sc="13" el="68" ec="93" bec="2" bev="1" fileid="1" />
                <SequencePoint vc="0" uspid="26" ordinal="3" offset="31" sl="70" sc="17" el="70" ec="99" bec="0" bev="0" fileid="1" />
                <SequencePoint vc="1" uspid="27" ordinal="4" offset="44" sl="78" sc="13" el="78" ec="80" bec="0" bev="0" fileid="1" />
                <SequencePoint vc="1" uspid="28" ordinal="5" offset="51" sl="79" sc="13" el="79" ec="29" bec="0" bev="0" fileid="1" />
                <SequencePoint vc="1" uspid="29" ordinal="6" offset="56" sl="81" sc="13" el="81" ec="53" bec="0" bev="0" fileid="1" />
                <SequencePoint vc="1" uspid="30" ordinal="7" offset="63" sl="93" sc="13" el="93" ec="95" bec="0" bev="0" fileid="1" />
                <SequencePoint vc="1" uspid="31" ordinal="8" offset="75" sl="94" sc="13" el="94" ec="117" bec="0" bev="0" fileid="1" />
                <SequencePoint vc="1" uspid="32" ordinal="9" offset="95" sl="96" sc="13" el="96" ec="24" bec="0" bev="0" fileid="1" />
                <SequencePoint vc="1" uspid="33" ordinal="10" offset="101" sl="100" sc="9" el="100" ec="10" bec="0" bev="0" fileid="1" />
              </SequencePoints>
              <BranchPoints>
                <BranchPoint vc="0" uspid="34" ordinal="0" offset="29" sl="68" path="0" offsetend="31" fileid="1" />
                <BranchPoint vc="1" uspid="35" ordinal="1" offset="29" sl="68" path="1" offsetend="44" fileid="1" />
              </BranchPoints>
              <MethodPoint xsi:type="SequencePoint" vc="1" uspid="23" ordinal="0" offset="0" sl="65" sc="13" el="65" ec="81" bec="0" bev="0" fileid="1" />
            </Method>
            <Method visited="true" cyclomaticComplexity="2" nPathComplexity="2" sequenceCoverage="93.33" branchCoverage="66.67" isConstructor="false" isStatic="false" isGetter="false" isSetter="false">
              <Summary numSequencePoints="15" visitedSequencePoints="14" numBranchPoints="3" visitedBranchPoints="2" sequenceCoverage="93.33" branchCoverage="66.67" maxCyclomaticComplexity="2" minCyclomaticComplexity="2" visitedClasses="0" numClasses="0" visitedMethods="1" numMethods="1" />
              <MetadataToken>100663299</MetadataToken>
              <Name>System.Void KLATencor.DataTransfer.Service.UnitTest.IntegrationTest::Integration_CrashHandling()</Name>
              <FileRef uid="1" />
              <SequencePoints>
                <SequencePoint vc="1" uspid="36" ordinal="0" offset="0" sl="105" sc="13" el="105" ec="81" bec="0" bev="0" fileid="1" />
                <SequencePoint vc="1" uspid="37" ordinal="1" offset="11" sl="106" sc="13" el="106" ec="65" bec="0" bev="0" fileid="1" />
                <SequencePoint vc="1" uspid="38" ordinal="2" offset="17" sl="108" sc="13" el="108" ec="93" bec="2" bev="1" fileid="1" />
                <SequencePoint vc="0" uspid="39" ordinal="3" offset="31" sl="110" sc="17" el="110" ec="99" bec="0" bev="0" fileid="1" />
                <SequencePoint vc="1" uspid="40" ordinal="4" offset="44" sl="115" sc="17" el="115" ec="85" bec="0" bev="0" fileid="1" />
                <SequencePoint vc="1" uspid="41" ordinal="5" offset="51" sl="117" sc="17" el="120" ec="23" bec="0" bev="0" fileid="1" />
                <SequencePoint vc="1" uspid="42" ordinal="6" offset="73" sl="122" sc="17" el="122" ec="83" bec="0" bev="0" fileid="1" />
                <SequencePoint vc="1" uspid="43" ordinal="7" offset="84" sl="127" sc="17" el="127" ec="85" bec="0" bev="0" fileid="1" />
                <SequencePoint vc="1" uspid="44" ordinal="8" offset="91" sl="128" sc="17" el="128" ec="33" bec="0" bev="0" fileid="1" />
                <SequencePoint vc="1" uspid="45" ordinal="9" offset="97" sl="130" sc="17" el="130" ec="36" bec="0" bev="0" fileid="1" />
                <SequencePoint vc="1" uspid="46" ordinal="10" offset="107" sl="132" sc="17" el="132" ec="32" bec="0" bev="0" fileid="1" />
                <SequencePoint vc="1" uspid="47" ordinal="11" offset="112" sl="135" sc="13" el="135" ec="95" bec="0" bev="0" fileid="1" />
                <SequencePoint vc="1" uspid="48" ordinal="12" offset="124" sl="137" sc="13" el="137" ec="117" bec="0" bev="0" fileid="1" />
                <SequencePoint vc="1" uspid="49" ordinal="13" offset="144" sl="139" sc="13" el="139" ec="24" bec="0" bev="0" fileid="1" />
                <SequencePoint vc="1" uspid="50" ordinal="14" offset="150" sl="140" sc="9" el="140" ec="10" bec="0" bev="0" fileid="1" />
              </SequencePoints>
              <BranchPoints>
                <BranchPoint vc="0" uspid="51" ordinal="0" offset="29" sl="108" path="0" offsetend="31" fileid="1" />
                <BranchPoint vc="1" uspid="52" ordinal="1" offset="29" sl="108" path="1" offsetend="44" fileid="1" />
              </BranchPoints>
              <MethodPoint xsi:type="SequencePoint" vc="1" uspid="36" ordinal="0" offset="0" sl="105" sc="13" el="105" ec="81" bec="0" bev="0" fileid="1" />
            </Method>
            <Method visited="true" cyclomaticComplexity="2" nPathComplexity="2" sequenceCoverage="92.31" branchCoverage="66.67" isConstructor="false" isStatic="false" isGetter="false" isSetter="false">
              <Summary numSequencePoints="13" visitedSequencePoints="12" numBranchPoints="3" visitedBranchPoints="2" sequenceCoverage="92.31" branchCoverage="66.67" maxCyclomaticComplexity="2" minCyclomaticComplexity="2" visitedClasses="0" numClasses="0" visitedMethods="1" numMethods="1" />
              <MetadataToken>100663300</MetadataToken>
              <Name>System.Void KLATencor.DataTransfer.Service.UnitTest.IntegrationTest::Integration_FullPipelineWithoutQueue()</Name>
              <FileRef uid="1" />
              <SequencePoints>
                <SequencePoint vc="1" uspid="53" ordinal="0" offset="0" sl="145" sc="13" el="145" ec="81" bec="0" bev="0" fileid="1" />
                <SequencePoint vc="1" uspid="54" ordinal="1" offset="11" sl="146" sc="13" el="146" ec="65" bec="0" bev="0" fileid="1" />
                <SequencePoint vc="1" uspid="55" ordinal="2" offset="17" sl="148" sc="13" el="148" ec="93" bec="2" bev="1" fileid="1" />
                <SequencePoint vc="0" uspid="56" ordinal="3" offset="31" sl="150" sc="17" el="150" ec="99" bec="0" bev="0" fileid="1" />
                <SequencePoint vc="1" uspid="57" ordinal="4" offset="44" sl="154" sc="13" el="154" ec="81" bec="0" bev="0" fileid="1" />
                <SequencePoint vc="1" uspid="58" ordinal="5" offset="51" sl="155" sc="13" el="155" ec="29" bec="0" bev="0" fileid="1" />
                <SequencePoint vc="1" uspid="59" ordinal="6" offset="57" sl="157" sc="13" el="160" ec="19" bec="0" bev="0" fileid="1" />
                <SequencePoint vc="1" uspid="60" ordinal="7" offset="79" sl="162" sc="13" el="162" ec="79" bec="0" bev="0" fileid="1" />
                <SequencePoint vc="1" uspid="61" ordinal="8" offset="91" sl="163" sc="13" el="163" ec="28" bec="0" bev="0" fileid="1" />
                <SequencePoint vc="1" uspid="62" ordinal="9" offset="96" sl="165" sc="13" el="165" ec="95" bec="0" bev="0" fileid="1" />
                <SequencePoint vc="1" uspid="63" ordinal="10" offset="108" sl="167" sc="13" el="167" ec="117" bec="0" bev="0" fileid="1" />
                <SequencePoint vc="1" uspid="64" ordinal="11" offset="128" sl="169" sc="13" el="169" ec="24" bec="0" bev="0" fileid="1" />
                <SequencePoint vc="1" uspid="65" ordinal="12" offset="134" sl="170" sc="9" el="170" ec="10" bec="0" bev="0" fileid="1" />
              </SequencePoints>
              <BranchPoints>
                <BranchPoint vc="0" uspid="66" ordinal="0" offset="29" sl="148" path="0" offsetend="31" fileid="1" />
                <BranchPoint vc="1" uspid="67" ordinal="1" offset="29" sl="148" path="1" offsetend="44" fileid="1" />
              </BranchPoints>
              <MethodPoint xsi:type="SequencePoint" vc="1" uspid="53" ordinal="0" offset="0" sl="145" sc="13" el="145" ec="81" bec="0" bev="0" fileid="1" />
            </Method>
            <Method visited="true" cyclomaticComplexity="2" nPathComplexity="2" sequenceCoverage="69.23" branchCoverage="66.67" isConstructor="false" isStatic="false" isGetter="false" isSetter="false">
              <Summary numSequencePoints="13" visitedSequencePoints="9" numBranchPoints="3" visitedBranchPoints="2" sequenceCoverage="69.23" branchCoverage="66.67" maxCyclomaticComplexity="2" minCyclomaticComplexity="2" visitedClasses="0" numClasses="0" visitedMethods="1" numMethods="1" />
              <MetadataToken>100663301</MetadataToken>
              <Name>System.Void KLATencor.DataTransfer.Service.UnitTest.IntegrationTest::Integration_FullPipelineWithQueue()</Name>
              <FileRef uid="1" />
              <SequencePoints>
                <SequencePoint vc="1" uspid="68" ordinal="0" offset="0" sl="175" sc="13" el="175" ec="81" bec="0" bev="0" fileid="1" />
                <SequencePoint vc="1" uspid="69" ordinal="1" offset="11" sl="176" sc="13" el="176" ec="65" bec="0" bev="0" fileid="1" />
                <SequencePoint vc="1" uspid="70" ordinal="2" offset="17" sl="178" sc="13" el="178" ec="93" bec="2" bev="1" fileid="1" />
                <SequencePoint vc="0" uspid="71" ordinal="3" offset="31" sl="180" sc="17" el="180" ec="99" bec="0" bev="0" fileid="1" />
                <SequencePoint vc="1" uspid="72" ordinal="4" offset="44" sl="184" sc="13" el="184" ec="80" bec="0" bev="0" fileid="1" />
                <SequencePoint vc="1" uspid="73" ordinal="5" offset="51" sl="185" sc="13" el="185" ec="29" bec="0" bev="0" fileid="1" />
                <SequencePoint vc="1" uspid="74" ordinal="6" offset="57" sl="187" sc="13" el="190" ec="19" bec="0" bev="0" fileid="1" />
                <SequencePoint vc="1" uspid="75" ordinal="7" offset="79" sl="192" sc="13" el="192" ec="79" bec="0" bev="0" fileid="1" />
                <SequencePoint vc="1" uspid="76" ordinal="8" offset="90" sl="194" sc="13" el="194" ec="32" bec="0" bev="0" fileid="1" />
                <SequencePoint vc="1" uspid="77" ordinal="9" offset="100" sl="196" sc="13" el="196" ec="95" bec="0" bev="0" fileid="1" />
                <SequencePoint vc="0" uspid="78" ordinal="10" offset="112" sl="198" sc="13" el="198" ec="117" bec="0" bev="0" fileid="1" />
                <SequencePoint vc="0" uspid="79" ordinal="11" offset="132" sl="200" sc="13" el="200" ec="24" bec="0" bev="0" fileid="1" />
                <SequencePoint vc="0" uspid="80" ordinal="12" offset="138" sl="201" sc="9" el="201" ec="10" bec="0" bev="0" fileid="1" />
              </SequencePoints>
              <BranchPoints>
                <BranchPoint vc="0" uspid="81" ordinal="0" offset="29" sl="178" path="0" offsetend="31" fileid="1" />
                <BranchPoint vc="1" uspid="82" ordinal="1" offset="29" sl="178" path="1" offsetend="44" fileid="1" />
              </BranchPoints>
              <MethodPoint xsi:type="SequencePoint" vc="1" uspid="68" ordinal="0" offset="0" sl="175" sc="13" el="175" ec="81" bec="0" bev="0" fileid="1" />
            </Method>
            <Method visited="true" cyclomaticComplexity="2" nPathComplexity="2" sequenceCoverage="100" branchCoverage="66.67" isConstructor="false" isStatic="false" isGetter="false" isSetter="false">
              <Summary numSequencePoints="5" visitedSequencePoints="5" numBranchPoints="3" visitedBranchPoints="2" sequenceCoverage="100" branchCoverage="66.67" maxCyclomaticComplexity="2" minCyclomaticComplexity="2" visitedClasses="0" numClasses="0" visitedMethods="1" numMethods="1" />
              <MetadataToken>100663302</MetadataToken>
              <Name>System.Void KLATencor.DataTransfer.Service.UnitTest.IntegrationTest::PostTest()</Name>
              <FileRef uid="1" />
              <SequencePoints>
                <SequencePoint vc="3" uspid="83" ordinal="0" offset="0" sl="206" sc="13" el="206" ec="81" bec="0" bev="0" fileid="1" />
                <SequencePoint vc="3" uspid="84" ordinal="1" offset="11" sl="207" sc="13" el="207" ec="65" bec="0" bev="0" fileid="1" />
                <SequencePoint vc="3" uspid="85" ordinal="2" offset="17" sl="209" sc="13" el="209" ec="93" bec="2" bev="1" fileid="1" />
                <SequencePoint vc="3" uspid="86" ordinal="3" offset="31" sl="211" sc="17" el="211" ec="99" bec="0" bev="0" fileid="1" />
                <SequencePoint vc="3" uspid="87" ordinal="4" offset="44" sl="213" sc="9" el="213" ec="10" bec="0" bev="0" fileid="1" />
              </SequencePoints>
              <BranchPoints>
                <BranchPoint vc="3" uspid="88" ordinal="0" offset="29" sl="209" path="0" offsetend="31" fileid="1" />
                <BranchPoint vc="0" uspid="89" ordinal="1" offset="29" sl="209" path="1" offsetend="44" fileid="1" />
              </BranchPoints>
              <MethodPoint xsi:type="SequencePoint" vc="3" uspid="83" ordinal="0" offset="0" sl="206" sc="13" el="206" ec="81" bec="0" bev="0" fileid="1" />
            </Method>
            <Method visited="true" cyclomaticComplexity="1" nPathComplexity="0" sequenceCoverage="0" branchCoverage="0" isConstructor="true" isStatic="false" isGetter="false" isSetter="false">
              <Summary numSequencePoints="0" visitedSequencePoints="0" numBranchPoints="0" visitedBranchPoints="0" sequenceCoverage="0" branchCoverage="0" maxCyclomaticComplexity="1" minCyclomaticComplexity="1" visitedClasses="0" numClasses="0" visitedMethods="0" numMethods="0" />
              <MetadataToken>100663303</MetadataToken>
              <Name>System.Void KLATencor.DataTransfer.Service.UnitTest.IntegrationTest::.ctor()</Name>
              <SequencePoints />
              <BranchPoints />
              <MethodPoint vc="1" uspid="90" ordinal="0" offset="0" />
            </Method>
          </Methods>
        </Class>
        <Class>
          <Summary numSequencePoints="47" visitedSequencePoints="45" numBranchPoints="7" visitedBranchPoints="5" sequenceCoverage="95.74" branchCoverage="71.43" maxCyclomaticComplexity="2" minCyclomaticComplexity="1" visitedClasses="1" numClasses="1" visitedMethods="3" numMethods="3" />
          <FullName>KLATencor.DataTransfer.Service.UnitTest.JobManagerTest</FullName>
          <Methods>
            <Method visited="true" cyclomaticComplexity="1" nPathComplexity="0" sequenceCoverage="100" branchCoverage="100" isConstructor="false" isStatic="false" isGetter="false" isSetter="false">
              <Summary numSequencePoints="2" visitedSequencePoints="2" numBranchPoints="1" visitedBranchPoints="1" sequenceCoverage="100" branchCoverage="100" maxCyclomaticComplexity="1" minCyclomaticComplexity="1" visitedClasses="0" numClasses="0" visitedMethods="1" numMethods="1" />
              <MetadataToken>100663304</MetadataToken>
              <Name>System.Void KLATencor.DataTransfer.Service.UnitTest.JobManagerTest::Startup()</Name>
              <FileRef uid="2" />
              <SequencePoints>
                <SequencePoint vc="2" uspid="91" ordinal="0" offset="0" sl="88" sc="13" el="88" ec="35" bec="0" bev="0" fileid="2" />
                <SequencePoint vc="2" uspid="92" ordinal="1" offset="11" sl="89" sc="9" el="89" ec="10" bec="0" bev="0" fileid="2" />
              </SequencePoints>
              <BranchPoints />
              <MethodPoint xsi:type="SequencePoint" vc="2" uspid="91" ordinal="0" offset="0" sl="88" sc="13" el="88" ec="35" bec="0" bev="0" fileid="2" />
            </Method>
            <Method visited="true" cyclomaticComplexity="2" nPathComplexity="2" sequenceCoverage="95" branchCoverage="66.67" isConstructor="false" isStatic="false" isGetter="false" isSetter="false">
              <Summary numSequencePoints="20" visitedSequencePoints="19" numBranchPoints="3" visitedBranchPoints="2" sequenceCoverage="95" branchCoverage="66.67" maxCyclomaticComplexity="2" minCyclomaticComplexity="2" visitedClasses="0" numClasses="0" visitedMethods="1" numMethods="1" />
              <MetadataToken>100663305</MetadataToken>
              <Name>System.Void KLATencor.DataTransfer.Service.UnitTest.JobManagerTest::JobManager_IJobInput_Put_and_Get()</Name>
              <FileRef uid="2" />
              <SequencePoints>
                <SequencePoint vc="1" uspid="93" ordinal="0" offset="0" sl="95" sc="13" el="95" ec="23" bec="0" bev="0" fileid="2" />
                <SequencePoint vc="1" uspid="94" ordinal="1" offset="6" sl="97" sc="13" el="97" ec="53" bec="2" bev="1" fileid="2" />
                <SequencePoint vc="0" uspid="95" ordinal="2" offset="18" sl="98" sc="17" el="98" ec="53" bec="0" bev="0" fileid="2" />
                <SequencePoint vc="1" uspid="96" ordinal="3" offset="28" sl="100" sc="13" el="100" ec="107" bec="0" bev="0" fileid="2" />
                <SequencePoint vc="1" uspid="97" ordinal="4" offset="45" sl="101" sc="13" el="101" ec="95" bec="0" bev="0" fileid="2" />
                <SequencePoint vc="1" uspid="98" ordinal="5" offset="57" sl="103" sc="13" el="103" ec="225" bec="0" bev="0" fileid="2" />
                <SequencePoint vc="1" uspid="99" ordinal="6" offset="99" sl="105" sc="13" el="105" ec="35" bec="0" bev="0" fileid="2" />
                <SequencePoint vc="1" uspid="100" ordinal="7" offset="106" sl="107" sc="13" el="107" ec="46" bec="0" bev="0" fileid="2" />
                <SequencePoint vc="1" uspid="101" ordinal="8" offset="111" sl="109" sc="13" el="109" ec="53" bec="0" bev="0" fileid="2" />
                <SequencePoint vc="1" uspid="102" ordinal="9" offset="138" sl="110" sc="13" el="110" ec="57" bec="0" bev="0" fileid="2" />
                <SequencePoint vc="1" uspid="103" ordinal="10" offset="155" sl="111" sc="13" el="111" ec="137" bec="0" bev="0" fileid="2" />
                <SequencePoint vc="1" uspid="104" ordinal="11" offset="202" sl="112" sc="13" el="112" ec="133" bec="0" bev="0" fileid="2" />
                <SequencePoint vc="1" uspid="105" ordinal="12" offset="249" sl="113" sc="13" el="113" ec="139" bec="0" bev="0" fileid="2" />
                <SequencePoint vc="1" uspid="106" ordinal="13" offset="296" sl="114" sc="13" el="114" ec="141" bec="0" bev="0" fileid="2" />
                <SequencePoint vc="1" uspid="107" ordinal="14" offset="333" sl="116" sc="13" el="116" ec="149" bec="0" bev="0" fileid="2" />
                <SequencePoint vc="1" uspid="108" ordinal="15" offset="380" sl="117" sc="13" el="117" ec="161" bec="0" bev="0" fileid="2" />
                <SequencePoint vc="1" uspid="109" ordinal="16" offset="417" sl="118" sc="13" el="118" ec="135" bec="0" bev="0" fileid="2" />
                <SequencePoint vc="1" uspid="110" ordinal="17" offset="454" sl="119" sc="13" el="119" ec="149" bec="0" bev="0" fileid="2" />
                <SequencePoint vc="1" uspid="111" ordinal="18" offset="491" sl="120" sc="13" el="120" ec="135" bec="0" bev="0" fileid="2" />
                <SequencePoint vc="1" uspid="112" ordinal="19" offset="527" sl="121" sc="9" el="121" ec="10" bec="0" bev="0" fileid="2" />
              </SequencePoints>
              <BranchPoints>
                <BranchPoint vc="0" uspid="113" ordinal="0" offset="16" sl="97" path="0" offsetend="18" fileid="2" />
                <BranchPoint vc="1" uspid="114" ordinal="1" offset="16" sl="97" path="1" offsetend="28" fileid="2" />
              </BranchPoints>
              <MethodPoint xsi:type="SequencePoint" vc="1" uspid="93" ordinal="0" offset="0" sl="95" sc="13" el="95" ec="23" bec="0" bev="0" fileid="2" />
            </Method>
            <Method visited="true" cyclomaticComplexity="2" nPathComplexity="2" sequenceCoverage="96" branchCoverage="66.67" isConstructor="false" isStatic="false" isGetter="false" isSetter="false">
              <Summary numSequencePoints="25" visitedSequencePoints="24" numBranchPoints="3" visitedBranchPoints="2" sequenceCoverage="96" branchCoverage="66.67" maxCyclomaticComplexity="2" minCyclomaticComplexity="2" visitedClasses="0" numClasses="0" visitedMethods="1" numMethods="1" />
              <MetadataToken>100663306</MetadataToken>
              <Name>System.Void KLATencor.DataTransfer.Service.UnitTest.JobManagerTest::JobManager_IJobInput_Put_and_Get_DifferentInstance()</Name>
              <FileRef uid="2" />
              <SequencePoints>
                <SequencePoint vc="1" uspid="115" ordinal="0" offset="0" sl="126" sc="13" el="126" ec="23" bec="0" bev="0" fileid="2" />
                <SequencePoint vc="1" uspid="116" ordinal="1" offset="6" sl="128" sc="13" el="128" ec="53" bec="2" bev="1" fileid="2" />
                <SequencePoint vc="0" uspid="117" ordinal="2" offset="18" sl="129" sc="17" el="129" ec="53" bec="0" bev="0" fileid="2" />
                <SequencePoint vc="1" uspid="118" ordinal="3" offset="28" sl="133" sc="13" el="133" ec="84" bec="0" bev="0" fileid="2" />
                <SequencePoint vc="1" uspid="119" ordinal="4" offset="45" sl="134" sc="13" el="134" ec="95" bec="0" bev="0" fileid="2" />
                <SequencePoint vc="1" uspid="120" ordinal="5" offset="57" sl="135" sc="13" el="135" ec="32" bec="0" bev="0" fileid="2" />
                <SequencePoint vc="1" uspid="121" ordinal="6" offset="63" sl="137" sc="13" el="137" ec="225" bec="0" bev="0" fileid="2" />
                <SequencePoint vc="1" uspid="122" ordinal="7" offset="105" sl="139" sc="13" el="139" ec="35" bec="0" bev="0" fileid="2" />
                <SequencePoint vc="1" uspid="123" ordinal="8" offset="111" sl="141" sc="13" el="141" ec="34" bec="0" bev="0" fileid="2" />
                <SequencePoint vc="1" uspid="124" ordinal="9" offset="117" sl="143" sc="13" el="143" ec="84" bec="0" bev="0" fileid="2" />
                <SequencePoint vc="1" uspid="125" ordinal="10" offset="134" sl="145" sc="13" el="145" ec="72" bec="0" bev="0" fileid="2" />
                <SequencePoint vc="1" uspid="126" ordinal="11" offset="146" sl="146" sc="13" el="146" ec="32" bec="0" bev="0" fileid="2" />
                <SequencePoint vc="1" uspid="127" ordinal="12" offset="152" sl="148" sc="13" el="148" ec="46" bec="0" bev="0" fileid="2" />
                <SequencePoint vc="1" uspid="128" ordinal="13" offset="157" sl="150" sc="13" el="150" ec="53" bec="0" bev="0" fileid="2" />
                <SequencePoint vc="1" uspid="129" ordinal="14" offset="184" sl="151" sc="13" el="151" ec="57" bec="0" bev="0" fileid="2" />
                <SequencePoint vc="1" uspid="130" ordinal="15" offset="201" sl="152" sc="13" el="152" ec="137" bec="0" bev="0" fileid="2" />
                <SequencePoint vc="1" uspid="131" ordinal="16" offset="248" sl="153" sc="13" el="153" ec="133" bec="0" bev="0" fileid="2" />
                <SequencePoint vc="1" uspid="132" ordinal="17" offset="295" sl="154" sc="13" el="154" ec="139" bec="0" bev="0" fileid="2" />
                <SequencePoint vc="1" uspid="133" ordinal="18" offset="342" sl="155" sc="13" el="155" ec="141" bec="0" bev="0" fileid="2" />
                <SequencePoint vc="1" uspid="134" ordinal="19" offset="379" sl="157" sc="13" el="157" ec="149" bec="0" bev="0" fileid="2" />
                <SequencePoint vc="1" uspid="135" ordinal="20" offset="426" sl="158" sc="13" el="158" ec="161" bec="0" bev="0" fileid="2" />
                <SequencePoint vc="1" uspid="136" ordinal="21" offset="463" sl="159" sc="13" el="159" ec="135" bec="0" bev="0" fileid="2" />
                <SequencePoint vc="1" uspid="137" ordinal="22" offset="500" sl="160" sc="13" el="160" ec="149" bec="0" bev="0" fileid="2" />
                <SequencePoint vc="1" uspid="138" ordinal="23" offset="537" sl="161" sc="13" el="161" ec="135" bec="0" bev="0" fileid="2" />
                <SequencePoint vc="1" uspid="139" ordinal="24" offset="573" sl="162" sc="9" el="162" ec="10" bec="0" bev="0" fileid="2" />
              </SequencePoints>
              <BranchPoints>
                <BranchPoint vc="0" uspid="140" ordinal="0" offset="16" sl="128" path="0" offsetend="18" fileid="2" />
                <BranchPoint vc="1" uspid="141" ordinal="1" offset="16" sl="128" path="1" offsetend="28" fileid="2" />
              </BranchPoints>
              <MethodPoint xsi:type="SequencePoint" vc="1" uspid="115" ordinal="0" offset="0" sl="126" sc="13" el="126" ec="23" bec="0" bev="0" fileid="2" />
            </Method>
            <Method visited="true" cyclomaticComplexity="1" nPathComplexity="0" sequenceCoverage="0" branchCoverage="0" isConstructor="true" isStatic="false" isGetter="false" isSetter="false">
              <Summary numSequencePoints="0" visitedSequencePoints="0" numBranchPoints="0" visitedBranchPoints="0" sequenceCoverage="0" branchCoverage="0" maxCyclomaticComplexity="1" minCyclomaticComplexity="1" visitedClasses="0" numClasses="0" visitedMethods="0" numMethods="0" />
              <MetadataToken>100663307</MetadataToken>
              <Name>System.Void KLATencor.DataTransfer.Service.UnitTest.JobManagerTest::.ctor()</Name>
              <SequencePoints />
              <BranchPoints />
              <MethodPoint vc="1" uspid="142" ordinal="0" offset="0" />
            </Method>
          </Methods>
        </Class>
        <Class>
          <Summary numSequencePoints="23" visitedSequencePoints="0" numBranchPoints="12" visitedBranchPoints="0" sequenceCoverage="0" branchCoverage="0" maxCyclomaticComplexity="1" minCyclomaticComplexity="1" visitedClasses="0" numClasses="1" visitedMethods="0" numMethods="12" />
          <FullName>KLATencor.DataTransfer.Service.UnitTest.JobManagerTest/Logger</FullName>
          <Methods>
            <Method visited="false" cyclomaticComplexity="1" nPathComplexity="0" sequenceCoverage="0" branchCoverage="0" isConstructor="false" isStatic="false" isGetter="false" isSetter="false">
              <Summary numSequencePoints="1" visitedSequencePoints="0" numBranchPoints="1" visitedBranchPoints="0" sequenceCoverage="0" branchCoverage="0" maxCyclomaticComplexity="1" minCyclomaticComplexity="1" visitedClasses="0" numClasses="0" visitedMethods="0" numMethods="1" />
              <MetadataToken>100663339</MetadataToken>
              <Name>System.Void KLATencor.DataTransfer.Service.UnitTest.JobManagerTest/Logger::WriteLog(System.String)</Name>
              <FileRef uid="2" />
              <SequencePoints>
                <SequencePoint vc="0" uspid="143" ordinal="0" offset="0" sl="25" sc="13" el="25" ec="14" bec="0" bev="0" fileid="2" />
              </SequencePoints>
              <BranchPoints />
              <MethodPoint xsi:type="SequencePoint" vc="0" uspid="143" ordinal="0" offset="0" sl="25" sc="13" el="25" ec="14" bec="0" bev="0" fileid="2" />
            </Method>
            <Method visited="false" cyclomaticComplexity="1" nPathComplexity="0" sequenceCoverage="0" branchCoverage="0" isConstructor="false" isStatic="false" isGetter="false" isSetter="false">
              <Summary numSequencePoints="2" visitedSequencePoints="0" numBranchPoints="1" visitedBranchPoints="0" sequenceCoverage="0" branchCoverage="0" maxCyclomaticComplexity="1" minCyclomaticComplexity="1" visitedClasses="0" numClasses="0" visitedMethods="0" numMethods="1" />
              <MetadataToken>100663340</MetadataToken>
              <Name>System.Void KLATencor.DataTransfer.Service.UnitTest.JobManagerTest/Logger::Error(System.String,System.Int32,System.String)</Name>
              <FileRef uid="2" />
              <SequencePoints>
                <SequencePoint vc="0" uspid="144" ordinal="0" offset="0" sl="29" sc="17" el="29" ec="83" bec="0" bev="0" fileid="2" />
                <SequencePoint vc="0" uspid="145" ordinal="1" offset="39" sl="30" sc="13" el="30" ec="14" bec="0" bev="0" fileid="2" />
              </SequencePoints>
              <BranchPoints />
              <MethodPoint xsi:type="SequencePoint" vc="0" uspid="144" ordinal="0" offset="0" sl="29" sc="17" el="29" ec="83" bec="0" bev="0" fileid="2" />
            </Method>
            <Method visited="false" cyclomaticComplexity="1" nPathComplexity="0" sequenceCoverage="0" branchCoverage="0" isConstructor="false" isStatic="false" isGetter="false" isSetter="false">
              <Summary numSequencePoints="2" visitedSequencePoints="0" numBranchPoints="1" visitedBranchPoints="0" sequenceCoverage="0" branchCoverage="0" maxCyclomaticComplexity="1" minCyclomaticComplexity="1" visitedClasses="0" numClasses="0" visitedMethods="0" numMethods="1" />
              <MetadataToken>100663341</MetadataToken>
              <Name>System.Void KLATencor.DataTransfer.Service.UnitTest.JobManagerTest/Logger::Error(System.String,System.Int32,System.String,System.String)</Name>
              <FileRef uid="2" />
              <SequencePoints>
                <SequencePoint vc="0" uspid="146" ordinal="0" offset="0" sl="34" sc="17" el="34" ec="95" bec="0" bev="0" fileid="2" />
                <SequencePoint vc="0" uspid="147" ordinal="1" offset="44" sl="35" sc="13" el="35" ec="14" bec="0" bev="0" fileid="2" />
              </SequencePoints>
              <BranchPoints />
              <MethodPoint xsi:type="SequencePoint" vc="0" uspid="146" ordinal="0" offset="0" sl="34" sc="17" el="34" ec="95" bec="0" bev="0" fileid="2" />
            </Method>
            <Method visited="false" cyclomaticComplexity="1" nPathComplexity="0" sequenceCoverage="0" branchCoverage="0" isConstructor="false" isStatic="false" isGetter="false" isSetter="false">
              <Summary numSequencePoints="2" visitedSequencePoints="0" numBranchPoints="1" visitedBranchPoints="0" sequenceCoverage="0" branchCoverage="0" maxCyclomaticComplexity="1" minCyclomaticComplexity="1" visitedClasses="0" numClasses="0" visitedMethods="0" numMethods="1" />
              <MetadataToken>100663342</MetadataToken>
              <Name>System.Void KLATencor.DataTransfer.Service.UnitTest.JobManagerTest/Logger::Error(System.String,System.Exception)</Name>
              <FileRef uid="2" />
              <SequencePoints>
                <SequencePoint vc="0" uspid="148" ordinal="0" offset="0" sl="39" sc="17" el="39" ec="70" bec="0" bev="0" fileid="2" />
                <SequencePoint vc="0" uspid="149" ordinal="1" offset="30" sl="40" sc="13" el="40" ec="14" bec="0" bev="0" fileid="2" />
              </SequencePoints>
              <BranchPoints />
              <MethodPoint xsi:type="SequencePoint" vc="0" uspid="148" ordinal="0" offset="0" sl="39" sc="17" el="39" ec="70" bec="0" bev="0" fileid="2" />
            </Method>
            <Method visited="false" cyclomaticComplexity="1" nPathComplexity="0" sequenceCoverage="0" branchCoverage="0" isConstructor="false" isStatic="false" isGetter="false" isSetter="false">
              <Summary numSequencePoints="2" visitedSequencePoints="0" numBranchPoints="1" visitedBranchPoints="0" sequenceCoverage="0" branchCoverage="0" maxCyclomaticComplexity="1" minCyclomaticComplexity="1" visitedClasses="0" numClasses="0" visitedMethods="0" numMethods="1" />
              <MetadataToken>100663343</MetadataToken>
              <Name>System.Void KLATencor.DataTransfer.Service.UnitTest.JobManagerTest/Logger::Information(System.String,System.String)</Name>
              <FileRef uid="2" />
              <SequencePoints>
                <SequencePoint vc="0" uspid="150" ordinal="0" offset="0" sl="44" sc="17" el="44" ec="72" bec="0" bev="0" fileid="2" />
                <SequencePoint vc="0" uspid="151" ordinal="1" offset="30" sl="45" sc="13" el="45" ec="14" bec="0" bev="0" fileid="2" />
              </SequencePoints>
              <BranchPoints />
              <MethodPoint xsi:type="SequencePoint" vc="0" uspid="150" ordinal="0" offset="0" sl="44" sc="17" el="44" ec="72" bec="0" bev="0" fileid="2" />
            </Method>
            <Method visited="false" cyclomaticComplexity="1" nPathComplexity="0" sequenceCoverage="0" branchCoverage="0" isConstructor="false" isStatic="false" isGetter="false" isSetter="false">
              <Summary numSequencePoints="2" visitedSequencePoints="0" numBranchPoints="1" visitedBranchPoints="0" sequenceCoverage="0" branchCoverage="0" maxCyclomaticComplexity="1" minCyclomaticComplexity="1" visitedClasses="0" numClasses="0" visitedMethods="0" numMethods="1" />
              <MetadataToken>100663344</MetadataToken>
              <Name>System.Void KLATencor.DataTransfer.Service.UnitTest.JobManagerTest/Logger::Information(System.String,System.String,System.String)</Name>
              <FileRef uid="2" />
              <SequencePoints>
                <SequencePoint vc="0" uspid="152" ordinal="0" offset="0" sl="49" sc="17" el="49" ec="84" bec="0" bev="0" fileid="2" />
                <SequencePoint vc="0" uspid="153" ordinal="1" offset="34" sl="50" sc="13" el="50" ec="14" bec="0" bev="0" fileid="2" />
              </SequencePoints>
              <BranchPoints />
              <MethodPoint xsi:type="SequencePoint" vc="0" uspid="152" ordinal="0" offset="0" sl="49" sc="17" el="49" ec="84" bec="0" bev="0" fileid="2" />
            </Method>
            <Method visited="false" cyclomaticComplexity="1" nPathComplexity="0" sequenceCoverage="0" branchCoverage="0" isConstructor="false" isStatic="false" isGetter="false" isSetter="false">
              <Summary numSequencePoints="2" visitedSequencePoints="0" numBranchPoints="1" visitedBranchPoints="0" sequenceCoverage="0" branchCoverage="0" maxCyclomaticComplexity="1" minCyclomaticComplexity="1" visitedClasses="0" numClasses="0" visitedMethods="0" numMethods="1" />
              <MetadataToken>100663345</MetadataToken>
              <Name>System.Void KLATencor.DataTransfer.Service.UnitTest.JobManagerTest/Logger::Trace(System.String,System.String)</Name>
              <FileRef uid="2" />
              <SequencePoints>
                <SequencePoint vc="0" uspid="154" ordinal="0" offset="0" sl="54" sc="17" el="54" ec="72" bec="0" bev="0" fileid="2" />
                <SequencePoint vc="0" uspid="155" ordinal="1" offset="30" sl="55" sc="13" el="55" ec="14" bec="0" bev="0" fileid="2" />
              </SequencePoints>
              <BranchPoints />
              <MethodPoint xsi:type="SequencePoint" vc="0" uspid="154" ordinal="0" offset="0" sl="54" sc="17" el="54" ec="72" bec="0" bev="0" fileid="2" />
            </Method>
            <Method visited="false" cyclomaticComplexity="1" nPathComplexity="0" sequenceCoverage="0" branchCoverage="0" isConstructor="false" isStatic="false" isGetter="false" isSetter="false">
              <Summary numSequencePoints="2" visitedSequencePoints="0" numBranchPoints="1" visitedBranchPoints="0" sequenceCoverage="0" branchCoverage="0" maxCyclomaticComplexity="1" minCyclomaticComplexity="1" visitedClasses="0" numClasses="0" visitedMethods="0" numMethods="1" />
              <MetadataToken>100663346</MetadataToken>
              <Name>System.Void KLATencor.DataTransfer.Service.UnitTest.JobManagerTest/Logger::Trace(System.String,System.String,System.String)</Name>
              <FileRef uid="2" />
              <SequencePoints>
                <SequencePoint vc="0" uspid="156" ordinal="0" offset="0" sl="59" sc="17" el="59" ec="74" bec="0" bev="0" fileid="2" />
                <SequencePoint vc="0" uspid="157" ordinal="1" offset="30" sl="60" sc="13" el="60" ec="14" bec="0" bev="0" fileid="2" />
              </SequencePoints>
              <BranchPoints />
              <MethodPoint xsi:type="SequencePoint" vc="0" uspid="156" ordinal="0" offset="0" sl="59" sc="17" el="59" ec="74" bec="0" bev="0" fileid="2" />
            </Method>
            <Method visited="false" cyclomaticComplexity="1" nPathComplexity="0" sequenceCoverage="0" branchCoverage="0" isConstructor="false" isStatic="false" isGetter="false" isSetter="false">
              <Summary numSequencePoints="2" visitedSequencePoints="0" numBranchPoints="1" visitedBranchPoints="0" sequenceCoverage="0" branchCoverage="0" maxCyclomaticComplexity="1" minCyclomaticComplexity="1" visitedClasses="0" numClasses="0" visitedMethods="0" numMethods="1" />
              <MetadataToken>100663347</MetadataToken>
              <Name>System.Void KLATencor.DataTransfer.Service.UnitTest.JobManagerTest/Logger::Warning(System.String,System.Int32,System.String)</Name>
              <FileRef uid="2" />
              <SequencePoints>
                <SequencePoint vc="0" uspid="158" ordinal="0" offset="0" sl="64" sc="17" el="64" ec="83" bec="0" bev="0" fileid="2" />
                <SequencePoint vc="0" uspid="159" ordinal="1" offset="39" sl="65" sc="13" el="65" ec="14" bec="0" bev="0" fileid="2" />
              </SequencePoints>
              <BranchPoints />
              <MethodPoint xsi:type="SequencePoint" vc="0" uspid="158" ordinal="0" offset="0" sl="64" sc="17" el="64" ec="83" bec="0" bev="0" fileid="2" />
            </Method>
            <Method visited="false" cyclomaticComplexity="1" nPathComplexity="0" sequenceCoverage="0" branchCoverage="0" isConstructor="false" isStatic="false" isGetter="false" isSetter="false">
              <Summary numSequencePoints="2" visitedSequencePoints="0" numBranchPoints="1" visitedBranchPoints="0" sequenceCoverage="0" branchCoverage="0" maxCyclomaticComplexity="1" minCyclomaticComplexity="1" visitedClasses="0" numClasses="0" visitedMethods="0" numMethods="1" />
              <MetadataToken>100663348</MetadataToken>
              <Name>System.Void KLATencor.DataTransfer.Service.UnitTest.JobManagerTest/Logger::Warning(System.String,System.Int32,System.String,System.String)</Name>
              <FileRef uid="2" />
              <SequencePoints>
                <SequencePoint vc="0" uspid="160" ordinal="0" offset="0" sl="69" sc="17" el="69" ec="95" bec="0" bev="0" fileid="2" />
                <SequencePoint vc="0" uspid="161" ordinal="1" offset="44" sl="70" sc="13" el="70" ec="14" bec="0" bev="0" fileid="2" />
              </SequencePoints>
              <BranchPoints />
              <MethodPoint xsi:type="SequencePoint" vc="0" uspid="160" ordinal="0" offset="0" sl="69" sc="17" el="69" ec="95" bec="0" bev="0" fileid="2" />
            </Method>
            <Method visited="false" cyclomaticComplexity="1" nPathComplexity="0" sequenceCoverage="0" branchCoverage="0" isConstructor="false" isStatic="false" isGetter="false" isSetter="false">
              <Summary numSequencePoints="2" visitedSequencePoints="0" numBranchPoints="1" visitedBranchPoints="0" sequenceCoverage="0" branchCoverage="0" maxCyclomaticComplexity="1" minCyclomaticComplexity="1" visitedClasses="0" numClasses="0" visitedMethods="0" numMethods="1" />
              <MetadataToken>100663349</MetadataToken>
              <Name>System.Void KLATencor.DataTransfer.Service.UnitTest.JobManagerTest/Logger::Warning(System.String,System.Exception)</Name>
              <FileRef uid="2" />
              <SequencePoints>
                <SequencePoint vc="0" uspid="162" ordinal="0" offset="0" sl="74" sc="17" el="74" ec="70" bec="0" bev="0" fileid="2" />
                <SequencePoint vc="0" uspid="163" ordinal="1" offset="30" sl="75" sc="13" el="75" ec="14" bec="0" bev="0" fileid="2" />
              </SequencePoints>
              <BranchPoints />
              <MethodPoint xsi:type="SequencePoint" vc="0" uspid="162" ordinal="0" offset="0" sl="74" sc="17" el="74" ec="70" bec="0" bev="0" fileid="2" />
            </Method>
            <Method visited="false" cyclomaticComplexity="1" nPathComplexity="0" sequenceCoverage="0" branchCoverage="0" isConstructor="false" isStatic="false" isGetter="false" isSetter="false">
              <Summary numSequencePoints="2" visitedSequencePoints="0" numBranchPoints="1" visitedBranchPoints="0" sequenceCoverage="0" branchCoverage="0" maxCyclomaticComplexity="1" minCyclomaticComplexity="1" visitedClasses="0" numClasses="0" visitedMethods="0" numMethods="1" />
              <MetadataToken>100663350</MetadataToken>
              <Name>System.Void KLATencor.DataTransfer.Service.UnitTest.JobManagerTest/Logger::Warning(System.String,System.String)</Name>
              <FileRef uid="2" />
              <SequencePoints>
                <SequencePoint vc="0" uspid="164" ordinal="0" offset="0" sl="79" sc="17" el="79" ec="72" bec="0" bev="0" fileid="2" />
                <SequencePoint vc="0" uspid="165" ordinal="1" offset="30" sl="80" sc="13" el="80" ec="14" bec="0" bev="0" fileid="2" />
              </SequencePoints>
              <BranchPoints />
              <MethodPoint xsi:type="SequencePoint" vc="0" uspid="164" ordinal="0" offset="0" sl="79" sc="17" el="79" ec="72" bec="0" bev="0" fileid="2" />
            </Method>
            <Method visited="true" cyclomaticComplexity="1" nPathComplexity="0" sequenceCoverage="0" branchCoverage="0" isConstructor="true" isStatic="false" isGetter="false" isSetter="false">
              <Summary numSequencePoints="0" visitedSequencePoints="0" numBranchPoints="0" visitedBranchPoints="0" sequenceCoverage="0" branchCoverage="0" maxCyclomaticComplexity="1" minCyclomaticComplexity="1" visitedClasses="0" numClasses="0" visitedMethods="0" numMethods="0" />
              <MetadataToken>100663351</MetadataToken>
              <Name>System.Void KLATencor.DataTransfer.Service.UnitTest.JobManagerTest/Logger::.ctor()</Name>
              <SequencePoints />
              <BranchPoints />
              <MethodPoint vc="2" uspid="166" ordinal="0" offset="0" />
            </Method>
          </Methods>
        </Class>
        <Class>
          <Summary numSequencePoints="23" visitedSequencePoints="0" numBranchPoints="12" visitedBranchPoints="0" sequenceCoverage="0" branchCoverage="0" maxCyclomaticComplexity="1" minCyclomaticComplexity="1" visitedClasses="0" numClasses="1" visitedMethods="0" numMethods="12" />
          <FullName>KLATencor.DataTransfer.Service.UnitTest.Logger</FullName>
          <Methods>
            <Method visited="false" cyclomaticComplexity="1" nPathComplexity="0" sequenceCoverage="0" branchCoverage="0" isConstructor="false" isStatic="false" isGetter="false" isSetter="false">
              <Summary numSequencePoints="1" visitedSequencePoints="0" numBranchPoints="1" visitedBranchPoints="0" sequenceCoverage="0" branchCoverage="0" maxCyclomaticComplexity="1" minCyclomaticComplexity="1" visitedClasses="0" numClasses="0" visitedMethods="0" numMethods="1" />
              <MetadataToken>100663308</MetadataToken>
              <Name>System.Void KLATencor.DataTransfer.Service.UnitTest.Logger::WriteLog(System.String)</Name>
              <FileRef uid="4" />
              <SequencePoints>
                <SequencePoint vc="0" uspid="167" ordinal="0" offset="0" sl="20" sc="9" el="20" ec="10" bec="0" bev="0" fileid="4" />
              </SequencePoints>
              <BranchPoints />
              <MethodPoint xsi:type="SequencePoint" vc="0" uspid="167" ordinal="0" offset="0" sl="20" sc="9" el="20" ec="10" bec="0" bev="0" fileid="4" />
            </Method>
            <Method visited="false" cyclomaticComplexity="1" nPathComplexity="0" sequenceCoverage="0" branchCoverage="0" isConstructor="false" isStatic="false" isGetter="false" isSetter="false">
              <Summary numSequencePoints="2" visitedSequencePoints="0" numBranchPoints="1" visitedBranchPoints="0" sequenceCoverage="0" branchCoverage="0" maxCyclomaticComplexity="1" minCyclomaticComplexity="1" visitedClasses="0" numClasses="0" visitedMethods="0" numMethods="1" />
              <MetadataToken>100663309</MetadataToken>
              <Name>System.Void KLATencor.DataTransfer.Service.UnitTest.Logger::Error(System.String,System.Int32,System.String)</Name>
              <FileRef uid="4" />
              <SequencePoints>
                <SequencePoint vc="0" uspid="168" ordinal="0" offset="0" sl="24" sc="13" el="24" ec="79" bec="0" bev="0" fileid="4" />
                <SequencePoint vc="0" uspid="169" ordinal="1" offset="39" sl="25" sc="9" el="25" ec="10" bec="0" bev="0" fileid="4" />
              </SequencePoints>
              <BranchPoints />
              <MethodPoint xsi:type="SequencePoint" vc="0" uspid="168" ordinal="0" offset="0" sl="24" sc="13" el="24" ec="79" bec="0" bev="0" fileid="4" />
            </Method>
            <Method visited="false" cyclomaticComplexity="1" nPathComplexity="0" sequenceCoverage="0" branchCoverage="0" isConstructor="false" isStatic="false" isGetter="false" isSetter="false">
              <Summary numSequencePoints="2" visitedSequencePoints="0" numBranchPoints="1" visitedBranchPoints="0" sequenceCoverage="0" branchCoverage="0" maxCyclomaticComplexity="1" minCyclomaticComplexity="1" visitedClasses="0" numClasses="0" visitedMethods="0" numMethods="1" />
              <MetadataToken>100663310</MetadataToken>
              <Name>System.Void KLATencor.DataTransfer.Service.UnitTest.Logger::Error(System.String,System.Int32,System.String,System.String)</Name>
              <FileRef uid="4" />
              <SequencePoints>
                <SequencePoint vc="0" uspid="170" ordinal="0" offset="0" sl="29" sc="13" el="29" ec="91" bec="0" bev="0" fileid="4" />
                <SequencePoint vc="0" uspid="171" ordinal="1" offset="44" sl="30" sc="9" el="30" ec="10" bec="0" bev="0" fileid="4" />
              </SequencePoints>
              <BranchPoints />
              <MethodPoint xsi:type="SequencePoint" vc="0" uspid="170" ordinal="0" offset="0" sl="29" sc="13" el="29" ec="91" bec="0" bev="0" fileid="4" />
            </Method>
            <Method visited="false" cyclomaticComplexity="1" nPathComplexity="0" sequenceCoverage="0" branchCoverage="0" isConstructor="false" isStatic="false" isGetter="false" isSetter="false">
              <Summary numSequencePoints="2" visitedSequencePoints="0" numBranchPoints="1" visitedBranchPoints="0" sequenceCoverage="0" branchCoverage="0" maxCyclomaticComplexity="1" minCyclomaticComplexity="1" visitedClasses="0" numClasses="0" visitedMethods="0" numMethods="1" />
              <MetadataToken>100663311</MetadataToken>
              <Name>System.Void KLATencor.DataTransfer.Service.UnitTest.Logger::Error(System.String,System.Exception)</Name>
              <FileRef uid="4" />
              <SequencePoints>
                <SequencePoint vc="0" uspid="172" ordinal="0" offset="0" sl="34" sc="13" el="34" ec="66" bec="0" bev="0" fileid="4" />
                <SequencePoint vc="0" uspid="173" ordinal="1" offset="30" sl="35" sc="9" el="35" ec="10" bec="0" bev="0" fileid="4" />
              </SequencePoints>
              <BranchPoints />
              <MethodPoint xsi:type="SequencePoint" vc="0" uspid="172" ordinal="0" offset="0" sl="34" sc="13" el="34" ec="66" bec="0" bev="0" fileid="4" />
            </Method>
            <Method visited="false" cyclomaticComplexity="1" nPathComplexity="0" sequenceCoverage="0" branchCoverage="0" isConstructor="false" isStatic="false" isGetter="false" isSetter="false">
              <Summary numSequencePoints="2" visitedSequencePoints="0" numBranchPoints="1" visitedBranchPoints="0" sequenceCoverage="0" branchCoverage="0" maxCyclomaticComplexity="1" minCyclomaticComplexity="1" visitedClasses="0" numClasses="0" visitedMethods="0" numMethods="1" />
              <MetadataToken>100663312</MetadataToken>
              <Name>System.Void KLATencor.DataTransfer.Service.UnitTest.Logger::Information(System.String,System.String)</Name>
              <FileRef uid="4" />
              <SequencePoints>
                <SequencePoint vc="0" uspid="174" ordinal="0" offset="0" sl="39" sc="13" el="39" ec="68" bec="0" bev="0" fileid="4" />
                <SequencePoint vc="0" uspid="175" ordinal="1" offset="30" sl="40" sc="9" el="40" ec="10" bec="0" bev="0" fileid="4" />
              </SequencePoints>
              <BranchPoints />
              <MethodPoint xsi:type="SequencePoint" vc="0" uspid="174" ordinal="0" offset="0" sl="39" sc="13" el="39" ec="68" bec="0" bev="0" fileid="4" />
            </Method>
            <Method visited="false" cyclomaticComplexity="1" nPathComplexity="0" sequenceCoverage="0" branchCoverage="0" isConstructor="false" isStatic="false" isGetter="false" isSetter="false">
              <Summary numSequencePoints="2" visitedSequencePoints="0" numBranchPoints="1" visitedBranchPoints="0" sequenceCoverage="0" branchCoverage="0" maxCyclomaticComplexity="1" minCyclomaticComplexity="1" visitedClasses="0" numClasses="0" visitedMethods="0" numMethods="1" />
              <MetadataToken>100663313</MetadataToken>
              <Name>System.Void KLATencor.DataTransfer.Service.UnitTest.Logger::Information(System.String,System.String,System.String)</Name>
              <FileRef uid="4" />
              <SequencePoints>
                <SequencePoint vc="0" uspid="176" ordinal="0" offset="0" sl="44" sc="13" el="44" ec="80" bec="0" bev="0" fileid="4" />
                <SequencePoint vc="0" uspid="177" ordinal="1" offset="34" sl="45" sc="9" el="45" ec="10" bec="0" bev="0" fileid="4" />
              </SequencePoints>
              <BranchPoints />
              <MethodPoint xsi:type="SequencePoint" vc="0" uspid="176" ordinal="0" offset="0" sl="44" sc="13" el="44" ec="80" bec="0" bev="0" fileid="4" />
            </Method>
            <Method visited="false" cyclomaticComplexity="1" nPathComplexity="0" sequenceCoverage="0" branchCoverage="0" isConstructor="false" isStatic="false" isGetter="false" isSetter="false">
              <Summary numSequencePoints="2" visitedSequencePoints="0" numBranchPoints="1" visitedBranchPoints="0" sequenceCoverage="0" branchCoverage="0" maxCyclomaticComplexity="1" minCyclomaticComplexity="1" visitedClasses="0" numClasses="0" visitedMethods="0" numMethods="1" />
              <MetadataToken>100663314</MetadataToken>
              <Name>System.Void KLATencor.DataTransfer.Service.UnitTest.Logger::Trace(System.String,System.String)</Name>
              <FileRef uid="4" />
              <SequencePoints>
                <SequencePoint vc="0" uspid="178" ordinal="0" offset="0" sl="49" sc="13" el="49" ec="68" bec="0" bev="0" fileid="4" />
                <SequencePoint vc="0" uspid="179" ordinal="1" offset="30" sl="50" sc="9" el="50" ec="10" bec="0" bev="0" fileid="4" />
              </SequencePoints>
              <BranchPoints />
              <MethodPoint xsi:type="SequencePoint" vc="0" uspid="178" ordinal="0" offset="0" sl="49" sc="13" el="49" ec="68" bec="0" bev="0" fileid="4" />
            </Method>
            <Method visited="false" cyclomaticComplexity="1" nPathComplexity="0" sequenceCoverage="0" branchCoverage="0" isConstructor="false" isStatic="false" isGetter="false" isSetter="false">
              <Summary numSequencePoints="2" visitedSequencePoints="0" numBranchPoints="1" visitedBranchPoints="0" sequenceCoverage="0" branchCoverage="0" maxCyclomaticComplexity="1" minCyclomaticComplexity="1" visitedClasses="0" numClasses="0" visitedMethods="0" numMethods="1" />
              <MetadataToken>100663315</MetadataToken>
              <Name>System.Void KLATencor.DataTransfer.Service.UnitTest.Logger::Trace(System.String,System.String,System.String)</Name>
              <FileRef uid="4" />
              <SequencePoints>
                <SequencePoint vc="0" uspid="180" ordinal="0" offset="0" sl="54" sc="13" el="54" ec="70" bec="0" bev="0" fileid="4" />
                <SequencePoint vc="0" uspid="181" ordinal="1" offset="30" sl="55" sc="9" el="55" ec="10" bec="0" bev="0" fileid="4" />
              </SequencePoints>
              <BranchPoints />
              <MethodPoint xsi:type="SequencePoint" vc="0" uspid="180" ordinal="0" offset="0" sl="54" sc="13" el="54" ec="70" bec="0" bev="0" fileid="4" />
            </Method>
            <Method visited="false" cyclomaticComplexity="1" nPathComplexity="0" sequenceCoverage="0" branchCoverage="0" isConstructor="false" isStatic="false" isGetter="false" isSetter="false">
              <Summary numSequencePoints="2" visitedSequencePoints="0" numBranchPoints="1" visitedBranchPoints="0" sequenceCoverage="0" branchCoverage="0" maxCyclomaticComplexity="1" minCyclomaticComplexity="1" visitedClasses="0" numClasses="0" visitedMethods="0" numMethods="1" />
              <MetadataToken>100663316</MetadataToken>
              <Name>System.Void KLATencor.DataTransfer.Service.UnitTest.Logger::Warning(System.String,System.Int32,System.String)</Name>
              <FileRef uid="4" />
              <SequencePoints>
                <SequencePoint vc="0" uspid="182" ordinal="0" offset="0" sl="59" sc="13" el="59" ec="79" bec="0" bev="0" fileid="4" />
                <SequencePoint vc="0" uspid="183" ordinal="1" offset="39" sl="60" sc="9" el="60" ec="10" bec="0" bev="0" fileid="4" />
              </SequencePoints>
              <BranchPoints />
              <MethodPoint xsi:type="SequencePoint" vc="0" uspid="182" ordinal="0" offset="0" sl="59" sc="13" el="59" ec="79" bec="0" bev="0" fileid="4" />
            </Method>
            <Method visited="false" cyclomaticComplexity="1" nPathComplexity="0" sequenceCoverage="0" branchCoverage="0" isConstructor="false" isStatic="false" isGetter="false" isSetter="false">
              <Summary numSequencePoints="2" visitedSequencePoints="0" numBranchPoints="1" visitedBranchPoints="0" sequenceCoverage="0" branchCoverage="0" maxCyclomaticComplexity="1" minCyclomaticComplexity="1" visitedClasses="0" numClasses="0" visitedMethods="0" numMethods="1" />
              <MetadataToken>100663317</MetadataToken>
              <Name>System.Void KLATencor.DataTransfer.Service.UnitTest.Logger::Warning(System.String,System.Int32,System.String,System.String)</Name>
              <FileRef uid="4" />
              <SequencePoints>
                <SequencePoint vc="0" uspid="184" ordinal="0" offset="0" sl="64" sc="13" el="64" ec="91" bec="0" bev="0" fileid="4" />
                <SequencePoint vc="0" uspid="185" ordinal="1" offset="44" sl="65" sc="9" el="65" ec="10" bec="0" bev="0" fileid="4" />
              </SequencePoints>
              <BranchPoints />
              <MethodPoint xsi:type="SequencePoint" vc="0" uspid="184" ordinal="0" offset="0" sl="64" sc="13" el="64" ec="91" bec="0" bev="0" fileid="4" />
            </Method>
            <Method visited="false" cyclomaticComplexity="1" nPathComplexity="0" sequenceCoverage="0" branchCoverage="0" isConstructor="false" isStatic="false" isGetter="false" isSetter="false">
              <Summary numSequencePoints="2" visitedSequencePoints="0" numBranchPoints="1" visitedBranchPoints="0" sequenceCoverage="0" branchCoverage="0" maxCyclomaticComplexity="1" minCyclomaticComplexity="1" visitedClasses="0" numClasses="0" visitedMethods="0" numMethods="1" />
              <MetadataToken>100663318</MetadataToken>
              <Name>System.Void KLATencor.DataTransfer.Service.UnitTest.Logger::Warning(System.String,System.Exception)</Name>
              <FileRef uid="4" />
              <SequencePoints>
                <SequencePoint vc="0" uspid="186" ordinal="0" offset="0" sl="69" sc="13" el="69" ec="66" bec="0" bev="0" fileid="4" />
                <SequencePoint vc="0" uspid="187" ordinal="1" offset="30" sl="70" sc="9" el="70" ec="10" bec="0" bev="0" fileid="4" />
              </SequencePoints>
              <BranchPoints />
              <MethodPoint xsi:type="SequencePoint" vc="0" uspid="186" ordinal="0" offset="0" sl="69" sc="13" el="69" ec="66" bec="0" bev="0" fileid="4" />
            </Method>
            <Method visited="false" cyclomaticComplexity="1" nPathComplexity="0" sequenceCoverage="0" branchCoverage="0" isConstructor="false" isStatic="false" isGetter="false" isSetter="false">
              <Summary numSequencePoints="2" visitedSequencePoints="0" numBranchPoints="1" visitedBranchPoints="0" sequenceCoverage="0" branchCoverage="0" maxCyclomaticComplexity="1" minCyclomaticComplexity="1" visitedClasses="0" numClasses="0" visitedMethods="0" numMethods="1" />
              <MetadataToken>100663319</MetadataToken>
              <Name>System.Void KLATencor.DataTransfer.Service.UnitTest.Logger::Warning(System.String,System.String)</Name>
              <FileRef uid="4" />
              <SequencePoints>
                <SequencePoint vc="0" uspid="188" ordinal="0" offset="0" sl="74" sc="13" el="74" ec="68" bec="0" bev="0" fileid="4" />
                <SequencePoint vc="0" uspid="189" ordinal="1" offset="30" sl="75" sc="9" el="75" ec="10" bec="0" bev="0" fileid="4" />
              </SequencePoints>
              <BranchPoints />
              <MethodPoint xsi:type="SequencePoint" vc="0" uspid="188" ordinal="0" offset="0" sl="74" sc="13" el="74" ec="68" bec="0" bev="0" fileid="4" />
            </Method>
            <Method visited="false" cyclomaticComplexity="1" nPathComplexity="0" sequenceCoverage="0" branchCoverage="0" isConstructor="true" isStatic="false" isGetter="false" isSetter="false">
              <Summary numSequencePoints="0" visitedSequencePoints="0" numBranchPoints="0" visitedBranchPoints="0" sequenceCoverage="0" branchCoverage="0" maxCyclomaticComplexity="1" minCyclomaticComplexity="1" visitedClasses="0" numClasses="0" visitedMethods="0" numMethods="0" />
              <MetadataToken>100663320</MetadataToken>
              <Name>System.Void KLATencor.DataTransfer.Service.UnitTest.Logger::.ctor()</Name>
              <SequencePoints />
              <BranchPoints />
              <MethodPoint vc="0" uspid="190" ordinal="0" offset="0" />
            </Method>
          </Methods>
        </Class>
        <Class>
          <Summary numSequencePoints="17" visitedSequencePoints="15" numBranchPoints="2" visitedBranchPoints="1" sequenceCoverage="88.24" branchCoverage="50" maxCyclomaticComplexity="1" minCyclomaticComplexity="1" visitedClasses="1" numClasses="1" visitedMethods="1" numMethods="2" />
          <FullName>KLATencor.DataTransfer.Service.UnitTest.ConfigurationProviderTest</FullName>
          <Methods>
            <Method visited="false" cyclomaticComplexity="1" nPathComplexity="0" sequenceCoverage="0" branchCoverage="0" isConstructor="false" isStatic="false" isGetter="false" isSetter="false">
              <Summary numSequencePoints="2" visitedSequencePoints="0" numBranchPoints="1" visitedBranchPoints="0" sequenceCoverage="0" branchCoverage="0" maxCyclomaticComplexity="1" minCyclomaticComplexity="1" visitedClasses="0" numClasses="0" visitedMethods="0" numMethods="1" />
              <MetadataToken>100663321</MetadataToken>
              <Name>System.Void KLATencor.DataTransfer.Service.UnitTest.ConfigurationProviderTest::Startup()</Name>
              <FileRef uid="4" />
              <SequencePoints>
                <SequencePoint vc="0" uspid="191" ordinal="0" offset="0" sl="149" sc="13" el="149" ec="35" bec="0" bev="0" fileid="4" />
                <SequencePoint vc="0" uspid="192" ordinal="1" offset="11" sl="150" sc="9" el="150" ec="10" bec="0" bev="0" fileid="4" />
              </SequencePoints>
              <BranchPoints />
              <MethodPoint xsi:type="SequencePoint" vc="0" uspid="191" ordinal="0" offset="0" sl="149" sc="13" el="149" ec="35" bec="0" bev="0" fileid="4" />
            </Method>
            <Method visited="true" cyclomaticComplexity="1" nPathComplexity="0" sequenceCoverage="100" branchCoverage="100" isConstructor="false" isStatic="false" isGetter="false" isSetter="false">
              <Summary numSequencePoints="15" visitedSequencePoints="15" numBranchPoints="1" visitedBranchPoints="1" sequenceCoverage="100" branchCoverage="100" maxCyclomaticComplexity="1" minCyclomaticComplexity="1" visitedClasses="0" numClasses="0" visitedMethods="1" numMethods="1" />
              <MetadataToken>100663322</MetadataToken>
              <Name>System.Void KLATencor.DataTransfer.Service.UnitTest.ConfigurationProviderTest::ConfigurationProvider_Save_and_Read()</Name>
              <FileRef uid="4" />
              <SequencePoints>
                <SequencePoint vc="1" uspid="193" ordinal="0" offset="0" sl="155" sc="13" el="155" ec="105" bec="0" bev="0" fileid="4" />
                <SequencePoint vc="1" uspid="194" ordinal="1" offset="16" sl="157" sc="13" el="160" ec="19" bec="0" bev="0" fileid="4" />
                <SequencePoint vc="1" uspid="195" ordinal="2" offset="61" sl="162" sc="13" el="162" ec="67" bec="0" bev="0" fileid="4" />
                <SequencePoint vc="1" uspid="196" ordinal="3" offset="68" sl="164" sc="13" el="164" ec="87" bec="0" bev="0" fileid="4" />
                <SequencePoint vc="1" uspid="197" ordinal="4" offset="74" sl="166" sc="13" el="166" ec="37" bec="0" bev="0" fileid="4" />
                <SequencePoint vc="1" uspid="198" ordinal="5" offset="84" sl="168" sc="13" el="168" ec="131" bec="0" bev="0" fileid="4" />
                <SequencePoint vc="1" uspid="199" ordinal="6" offset="121" sl="169" sc="13" el="169" ec="127" bec="0" bev="0" fileid="4" />
                <SequencePoint vc="1" uspid="200" ordinal="7" offset="158" sl="170" sc="13" el="170" ec="133" bec="0" bev="0" fileid="4" />
                <SequencePoint vc="1" uspid="201" ordinal="8" offset="195" sl="171" sc="13" el="171" ec="135" bec="0" bev="0" fileid="4" />
                <SequencePoint vc="1" uspid="202" ordinal="9" offset="222" sl="173" sc="13" el="173" ec="143" bec="0" bev="0" fileid="4" />
                <SequencePoint vc="1" uspid="203" ordinal="10" offset="259" sl="174" sc="13" el="174" ec="155" bec="0" bev="0" fileid="4" />
                <SequencePoint vc="1" uspid="204" ordinal="11" offset="286" sl="175" sc="13" el="175" ec="129" bec="0" bev="0" fileid="4" />
                <SequencePoint vc="1" uspid="205" ordinal="12" offset="313" sl="176" sc="13" el="176" ec="143" bec="0" bev="0" fileid="4" />
                <SequencePoint vc="1" uspid="206" ordinal="13" offset="340" sl="177" sc="13" el="177" ec="129" bec="0" bev="0" fileid="4" />
                <SequencePoint vc="1" uspid="207" ordinal="14" offset="367" sl="178" sc="9" el="178" ec="10" bec="0" bev="0" fileid="4" />
              </SequencePoints>
              <BranchPoints />
              <MethodPoint xsi:type="SequencePoint" vc="1" uspid="193" ordinal="0" offset="0" sl="155" sc="13" el="155" ec="105" bec="0" bev="0" fileid="4" />
            </Method>
            <Method visited="true" cyclomaticComplexity="1" nPathComplexity="0" sequenceCoverage="0" branchCoverage="0" isConstructor="true" isStatic="false" isGetter="false" isSetter="false">
[...]
                <BranchPoint vc="2" uspid="1387" ordinal="7" offset="115" sl="57" path="1" offsetend="206" fileid="53" />
                <BranchPoint vc="11" uspid="1388" ordinal="8" offset="176" sl="59" path="0" offsetend="178" fileid="53" />
                <BranchPoint vc="0" uspid="1389" ordinal="9" offset="176" sl="59" path="1" offsetend="119" fileid="53" />
                <BranchPoint vc="11" uspid="1390" ordinal="10" offset="204" sl="59" path="0" offsetend="206" fileid="53" />
                <BranchPoint vc="0" uspid="1391" ordinal="11" offset="204" sl="59" path="1" offsetend="119" fileid="53" />
              </BranchPoints>
              <MethodPoint xsi:type="SequencePoint" vc="13" uspid="1373" ordinal="0" offset="0" sl="51" sc="13" el="51" ec="44" bec="2" bev="1" fileid="53" />
            </Method>
          </Methods>
        </Class>
        <Class>
          <Summary numSequencePoints="13" visitedSequencePoints="9" numBranchPoints="6" visitedBranchPoints="4" sequenceCoverage="69.23" branchCoverage="66.67" maxCyclomaticComplexity="2" minCyclomaticComplexity="1" visitedClasses="1" numClasses="1" visitedMethods="3" numMethods="4" />
          <FullName>KLATencor.DataTransfer.Service.Class.TaskRunner</FullName>
          <Methods>
            <Method visited="true" cyclomaticComplexity="1" nPathComplexity="0" sequenceCoverage="100" branchCoverage="100" isConstructor="true" isStatic="false" isGetter="false" isSetter="false">
              <Summary numSequencePoints="5" visitedSequencePoints="5" numBranchPoints="1" visitedBranchPoints="1" sequenceCoverage="100" branchCoverage="100" maxCyclomaticComplexity="1" minCyclomaticComplexity="1" visitedClasses="0" numClasses="0" visitedMethods="1" numMethods="1" />
              <MetadataToken>100663501</MetadataToken>
              <Name>System.Void KLATencor.DataTransfer.Service.Class.TaskRunner::.ctor(System.Action)</Name>
              <FileRef uid="54" />
              <SequencePoints>
                <SequencePoint vc="1" uspid="1392" ordinal="0" offset="0" sl="16" sc="9" el="16" ec="43" bec="0" bev="0" fileid="54" />
                <SequencePoint vc="1" uspid="1393" ordinal="1" offset="6" sl="18" sc="13" el="18" ec="34" bec="0" bev="0" fileid="54" />
                <SequencePoint vc="1" uspid="1394" ordinal="2" offset="13" sl="19" sc="13" el="19" ec="37" bec="0" bev="0" fileid="54" />
                <SequencePoint vc="1" uspid="1395" ordinal="3" offset="20" sl="20" sc="13" el="20" ec="69" bec="0" bev="0" fileid="54" />
                <SequencePoint vc="1" uspid="1396" ordinal="4" offset="43" sl="21" sc="9" el="21" ec="10" bec="0" bev="0" fileid="54" />
              </SequencePoints>
              <BranchPoints />
              <MethodPoint xsi:type="SequencePoint" vc="1" uspid="1392" ordinal="0" offset="0" sl="16" sc="9" el="16" ec="43" bec="0" bev="0" fileid="54" />
            </Method>
            <Method visited="true" cyclomaticComplexity="1" nPathComplexity="0" sequenceCoverage="100" branchCoverage="100" isConstructor="false" isStatic="false" isGetter="false" isSetter="false">
              <Summary numSequencePoints="2" visitedSequencePoints="2" numBranchPoints="1" visitedBranchPoints="1" sequenceCoverage="100" branchCoverage="100" maxCyclomaticComplexity="1" minCyclomaticComplexity="1" visitedClasses="0" numClasses="0" visitedMethods="1" numMethods="1" />
              <MetadataToken>100663502</MetadataToken>
              <Name>System.Void KLATencor.DataTransfer.Service.Class.TaskRunner::Start()</Name>
              <FileRef uid="54" />
              <SequencePoints>
                <SequencePoint vc="1" uspid="1397" ordinal="0" offset="0" sl="25" sc="13" el="25" ec="33" bec="0" bev="0" fileid="54" />
                <SequencePoint vc="1" uspid="1398" ordinal="1" offset="11" sl="26" sc="9" el="26" ec="10" bec="0" bev="0" fileid="54" />
              </SequencePoints>
              <BranchPoints />
              <MethodPoint xsi:type="SequencePoint" vc="1" uspid="1397" ordinal="0" offset="0" sl="25" sc="13" el="25" ec="33" bec="0" bev="0" fileid="54" />
            </Method>
            <Method visited="false" cyclomaticComplexity="1" nPathComplexity="0" sequenceCoverage="0" branchCoverage="0" isConstructor="false" isStatic="false" isGetter="false" isSetter="false">
              <Summary numSequencePoints="3" visitedSequencePoints="0" numBranchPoints="1" visitedBranchPoints="0" sequenceCoverage="0" branchCoverage="0" maxCyclomaticComplexity="1" minCyclomaticComplexity="1" visitedClasses="0" numClasses="0" visitedMethods="0" numMethods="1" />
              <MetadataToken>100663503</MetadataToken>
              <Name>System.Void KLATencor.DataTransfer.Service.Class.TaskRunner::Stop()</Name>
              <FileRef uid="54" />
              <SequencePoints>
                <SequencePoint vc="0" uspid="1399" ordinal="0" offset="0" sl="30" sc="13" el="30" ec="36" bec="0" bev="0" fileid="54" />
                <SequencePoint vc="0" uspid="1400" ordinal="1" offset="7" sl="31" sc="13" el="31" ec="32" bec="0" bev="0" fileid="54" />
                <SequencePoint vc="0" uspid="1401" ordinal="2" offset="18" sl="32" sc="9" el="32" ec="10" bec="0" bev="0" fileid="54" />
              </SequencePoints>
              <BranchPoints />
              <MethodPoint xsi:type="SequencePoint" vc="0" uspid="1399" ordinal="0" offset="0" sl="30" sc="13" el="30" ec="36" bec="0" bev="0" fileid="54" />
            </Method>
            <Method visited="true" cyclomaticComplexity="2" nPathComplexity="2" sequenceCoverage="66.67" branchCoverage="66.67" isConstructor="false" isStatic="false" isGetter="false" isSetter="false">
              <Summary numSequencePoints="3" visitedSequencePoints="2" numBranchPoints="3" visitedBranchPoints="2" sequenceCoverage="66.67" branchCoverage="66.67" maxCyclomaticComplexity="2" minCyclomaticComplexity="2" visitedClasses="0" numClasses="0" visitedMethods="1" numMethods="1" />
              <MetadataToken>100663504</MetadataToken>
              <Name>System.Void KLATencor.DataTransfer.Service.Class.TaskRunner::Process()</Name>
              <FileRef uid="54" />
              <SequencePoints>
                <SequencePoint vc="1" uspid="1402" ordinal="0" offset="2" sl="38" sc="17" el="38" ec="31" bec="0" bev="0" fileid="54" />
                <SequencePoint vc="1" uspid="1403" ordinal="1" offset="13" sl="36" sc="13" el="36" ec="37" bec="2" bev="1" fileid="54" />
                <SequencePoint vc="0" uspid="1404" ordinal="2" offset="21" sl="40" sc="9" el="40" ec="10" bec="0" bev="0" fileid="54" />
              </SequencePoints>
              <BranchPoints>
                <BranchPoint vc="0" uspid="1405" ordinal="0" offset="19" sl="36" path="0" offsetend="21" fileid="54" />
                <BranchPoint vc="1" uspid="1406" ordinal="1" offset="19" sl="36" path="1" offsetend="2" fileid="54" />
              </BranchPoints>
              <MethodPoint vc="1" uspid="1407" ordinal="0" offset="0" />
            </Method>
          </Methods>
        </Class>
      </Classes>
    </Module>
    <Module skippedDueTo="Filter" hash="4F-90-AA-7A-43-B2-44-98-7A-7A-12-FB-EF-4F-CE-E9-1A-F1-FC-8E">
      <ModulePath>C:\windows\Microsoft.Net\assembly\GAC_MSIL\System.Xml\v4.0_4.0.0.0__b77a5c561934e089\System.Xml.dll</ModulePath>
      <ModuleTime>2018-02-09T12:12:15.5935359Z</ModuleTime>
      <ModuleName>System.Xml</ModuleName>
      <Classes />
    </Module>
    <Module skippedDueTo="MissingPdb" hash="A6-60-F2-98-C1-73-A7-24-B3-DB-1F-9F-E9-8B-4E-69-9B-6E-77-02">
      <ModulePath>C:\Users\pxaxa\source\repos\DataTransferService\bin\Release\Newtonsoft.Json.dll</ModulePath>
      <ModuleTime>2014-02-01T08:53:10Z</ModuleTime>
      <ModuleName>Newtonsoft.Json</ModuleName>
      <Classes />
    </Module>
    <Module skippedDueTo="Filter" hash="30-BD-0A-AF-5B-85-09-4A-28-B9-70-F9-9C-32-76-AF-7A-0E-9C-1D">
      <ModulePath>C:\windows\Microsoft.Net\assembly\GAC_MSIL\System.Numerics\v4.0_4.0.0.0__b77a5c561934e089\System.Numerics.dll</ModulePath>
      <ModuleTime>2018-02-09T12:12:18.625712Z</ModuleTime>
      <ModuleName>System.Numerics</ModuleName>
      <Classes />
    </Module>
    <Module skippedDueTo="Filter" hash="74-4A-41-5F-57-22-10-C7-D0-02-F3-94-5E-64-38-8F-C1-47-E2-76">
      <ModulePath>C:\windows\Microsoft.Net\assembly\GAC_MSIL\System.ComponentModel.DataAnnotations\v4.0_4.0.0.0__31bf3856ad364e35\System.ComponentModel.DataAnnotations.dll</ModulePath>
      <ModuleTime>2018-02-09T12:12:20.6462177Z</ModuleTime>
      <ModuleName>System.ComponentModel.DataAnnotations</ModuleName>
      <Classes />
    </Module>
    <Module skippedDueTo="Filter" hash="53-69-7A-12-BD-B9-2C-25-ED-F6-3D-15-70-D1-8E-3B-8F-A0-F0-BC">
      <ModulePath>C:\windows\Microsoft.Net\assembly\GAC_MSIL\System.Runtime.Serialization\v4.0_4.0.0.0__b77a5c561934e089\System.Runtime.Serialization.dll</ModulePath>
      <ModuleTime>2018-02-09T12:12:18.130355Z</ModuleTime>
      <ModuleName>System.Runtime.Serialization</ModuleName>
      <Classes />
    </Module>
    <Module skippedDueTo="Filter" hash="6B-86-54-62-96-7F-F5-FD-4B-8B-DA-7F-04-D1-BA-43-EC-82-F2-C5">
      <ModulePath>C:\windows\Microsoft.Net\assembly\GAC_MSIL\System.Xml.Linq\v4.0_4.0.0.0__b77a5c561934e089\System.Xml.Linq.dll</ModulePath>
      <ModuleTime>2018-02-09T12:12:15.744643Z</ModuleTime>
      <ModuleName>System.Xml.Linq</ModuleName>
      <Classes />
    </Module>
    <Module skippedDueTo="Filter" hash="00-35-9E-F2-42-36-B0-D8-85-8A-6F-0C-58-BC-7C-9E-30-D4-B3-BF">
      <ModulePath>C:\windows\Microsoft.Net\assembly\GAC_64\System.Data\v4.0_4.0.0.0__b77a5c561934e089\System.Data.dll</ModulePath>
      <ModuleTime>2018-02-09T12:12:01.8175799Z</ModuleTime>
      <ModuleName>System.Data</ModuleName>
      <Classes />
    </Module>
    <Module skippedDueTo="Filter" hash="D3-3A-5E-A4-F0-24-10-01-24-03-32-C6-BA-66-34-05-D2-6E-66-72">
      <ModulePath>C:\Users\pxaxa\source\repos\DataTransferService\bin\Release\System.Data.SQLite.dll</ModulePath>
      <ModuleTime>2018-03-02T02:21:26Z</ModuleTime>
      <ModuleName>System.Data.SQLite</ModuleName>
      <Classes />
    </Module>
    <Module skippedDueTo="Filter" hash="BD-8D-D2-73-22-1A-03-84-8E-20-2B-4E-15-5A-3B-70-28-32-9E-35">
      <ModulePath>C:\windows\Microsoft.Net\assembly\GAC_64\System.Transactions\v4.0_4.0.0.0__b77a5c561934e089\System.Transactions.dll</ModulePath>
      <ModuleTime>2018-02-09T12:12:01.4212936Z</ModuleTime>
      <ModuleName>System.Transactions</ModuleName>
      <Classes />
    </Module>
    <Module skippedDueTo="Filter" hash="81-DE-41-E4-CF-35-79-0F-0A-D0-B6-43-FC-EB-6A-47-5F-D8-69-04">
      <ModulePath>C:\windows\Microsoft.Net\assembly\GAC_MSIL\System.Configuration\v4.0_4.0.0.0__b03f5f7f11d50a3a\System.Configuration.dll</ModulePath>
      <ModuleTime>2018-02-09T12:12:20.5471471Z</ModuleTime>
      <ModuleName>System.Configuration</ModuleName>
      <Classes />
    </Module>
    <Module skippedDueTo="Filter" hash="19-53-7B-5B-E1-6F-55-61-8D-DF-60-A2-1A-65-F7-1A-2E-24-52-20">
      <ModulePath>C:\Users\pxaxa\source\repos\DataTransferService\bin\Release\System.Web.Http.dll</ModulePath>
      <ModuleTime>2014-06-26T20:34:28Z</ModuleTime>
      <ModuleName>System.Web.Http</ModuleName>
      <Classes />
    </Module>
    <Module skippedDueTo="MissingPdb" hash="6A-48-05-D0-BC-C5-9B-DA-B8-45-47-9F-49-FC-03-B5-14-16-B1-33">
      <ModulePath>C:\Users\pxaxa\source\repos\DataTransferService\bin\Release\Grapevine.dll</ModulePath>
      <ModuleTime>2017-08-21T08:13:02Z</ModuleTime>
      <ModuleName>Grapevine</ModuleName>
      <Classes />
    </Module>
    <Module skippedDueTo="Filter" hash="10-F3-D5-C8-C9-E8-75-8C-E5-28-DB-38-4D-0C-13-01-CE-4B-4C-C5">
      <ModulePath>C:\windows\Microsoft.Net\assembly\GAC_64\System.EnterpriseServices\v4.0_4.0.0.0__b03f5f7f11d50a3a\System.EnterpriseServices.dll</ModulePath>
      <ModuleTime>2018-02-09T12:12:01.5714017Z</ModuleTime>
      <ModuleName>System.EnterpriseServices</ModuleName>
      <Classes />
    </Module>
    <Module skippedDueTo="MissingPdb" hash="A0-64-25-8C-41-5E-34-51-E3-97-25-D4-D9-70-EC-90-3B-8D-BC-8A">
      <ModulePath>C:\Users\pxaxa\source\repos\DataTransferService\bin\Release\Owin.dll</ModulePath>
      <ModuleTime>2012-11-13T06:49:34Z</ModuleTime>
      <ModuleName>Owin</ModuleName>
      <Classes />
    </Module>
    <Module skippedDueTo="MissingPdb" hash="E6-50-1F-E3-36-3E-F9-1A-8E-1D-C1-87-C1-0B-0C-E9-A2-9C-95-FA">
      <ModulePath>C:\Users\pxaxa\source\repos\DataTransferService\bin\Release\Microsoft.Owin.Hosting.dll</ModulePath>
      <ModuleTime>2018-02-13T10:58:14Z</ModuleTime>
      <ModuleName>Microsoft.Owin.Hosting</ModuleName>
      <Classes />
    </Module>
    <Module skippedDueTo="MissingPdb" hash="2E-88-B6-AB-66-06-F3-27-A5-13-FB-47-89-C9-61-6C-49-5F-75-A6">
      <ModulePath>C:\Users\pxaxa\source\repos\DataTransferService\bin\Release\Microsoft.Owin.dll</ModulePath>
      <ModuleTime>2018-02-13T10:58:04Z</ModuleTime>
      <ModuleName>Microsoft.Owin</ModuleName>
      <Classes />
    </Module>
    <Module skippedDueTo="MissingPdb" hash="23-58-F8-76-58-D4-A3-1F-96-D1-B7-C2-A4-1D-E8-A6-E8-1F-A8-9C">
      <ModulePath>C:\Users\pxaxa\source\repos\DataTransferService\bin\Release\Microsoft.Owin.Host.HttpListener.dll</ModulePath>
      <ModuleTime>2018-02-13T10:58:10Z</ModuleTime>
      <ModuleName>Microsoft.Owin.Host.HttpListener</ModuleName>
      <Classes />
    </Module>
    <Module skippedDueTo="MissingPdb" hash="">
      <ModulePath>RefEmit_InMemoryManifestModule</ModulePath>
      <ModuleTime>0001-01-01T00:00:00</ModuleTime>
      <ModuleName>Anonymously Hosted DynamicMethods Assembly</ModuleName>
      <Classes />
    </Module>
    <Module skippedDueTo="Filter" hash="17-D7-34-41-A5-A4-44-D9-3C-E6-4B-0D-F1-7E-72-D7-C0-E5-86-76">
      <ModulePath>C:\Users\pxaxa\source\repos\DataTransferService\bin\Release\System.Web.Http.Owin.dll</ModulePath>
      <ModuleTime>2014-06-26T20:35:20Z</ModuleTime>
      <ModuleName>System.Web.Http.Owin</ModuleName>
      <Classes />
    </Module>
    <Module skippedDueTo="Filter" hash="6D-34-4A-09-47-1D-8B-4B-84-9F-16-B0-EE-BB-AF-F8-68-8A-17-CE">
      <ModulePath>C:\Users\pxaxa\source\repos\DataTransferService\bin\Release\System.Net.Http.dll</ModulePath>
      <ModuleTime>2016-11-04T23:26:30Z</ModuleTime>
      <ModuleName>System.Net.Http</ModuleName>
      <Classes />
    </Module>
    <Module skippedDueTo="Filter" hash="C0-AE-02-1B-86-4B-49-E1-9F-73-3D-B4-10-64-25-1C-95-08-70-6E">
      <ModulePath>C:\Users\pxaxa\source\repos\DataTransferService\bin\Release\System.Net.Http.Formatting.dll</ModulePath>
      <ModuleTime>2014-06-26T20:34:12Z</ModuleTime>
      <ModuleName>System.Net.Http.Formatting</ModuleName>
      <Classes />
    </Module>
    <Module skippedDueTo="MissingPdb" hash="6D-FF-92-11-26-94-F7-FE-25-E1-29-EC-58-CD-68-F5-82-C4-E8-36">
      <ModulePath>C:\windows\Microsoft.Net\assembly\GAC_MSIL\SMDiagnostics\v4.0_4.0.0.0__b77a5c561934e089\SMDiagnostics.dll</ModulePath>
      <ModuleTime>2018-02-09T12:12:21.2153549Z</ModuleTime>
      <ModuleName>SMDiagnostics</ModuleName>
      <Classes />
    </Module>
    <Module skippedDueTo="Filter" hash="36-E0-B5-9F-1D-99-79-59-7F-78-46-54-1E-93-64-96-2C-6E-55-99">
      <ModulePath>C:\windows\Microsoft.Net\assembly\GAC_MSIL\System.Security\v4.0_4.0.0.0__b03f5f7f11d50a3a\System.Security.dll</ModulePath>
      <ModuleTime>2018-02-09T12:12:17.9972622Z</ModuleTime>
      <ModuleName>System.Security</ModuleName>
      <Classes />
    </Module>
    <Module skippedDueTo="Filter" hash="BD-60-72-B9-86-E2-2B-11-26-81-8F-40-9C-50-15-C6-9D-DE-5F-42">
      <ModulePath>C:\windows\Microsoft.Net\assembly\GAC_MSIL\System.Drawing\v4.0_4.0.0.0__b03f5f7f11d50a3a\System.Drawing.dll</ModulePath>
      <ModuleTime>2018-02-09T12:12:19.7035451Z</ModuleTime>
      <ModuleName>System.Drawing</ModuleName>
      <Classes />
    </Module>
    <Module skippedDueTo="Filter" hash="64-13-40-03-FA-2F-2C-F2-FD-05-36-C3-49-B4-88-3C-CB-4D-3D-E2">
      <ModulePath>C:\windows\Microsoft.Net\assembly\GAC_MSIL\System.Web.ApplicationServices\v4.0_4.0.0.0__31bf3856ad364e35\System.Web.ApplicationServices.dll</ModulePath>
      <ModuleTime>2018-02-09T12:12:16.7623736Z</ModuleTime>
      <ModuleName>System.Web.ApplicationServices</ModuleName>
      <Classes />
    </Module>
    <Module skippedDueTo="Filter" hash="9C-BA-A1-1D-AA-66-4C-89-AE-63-55-DE-3D-3A-EE-DA-A0-C2-7A-DC">
      <ModulePath>C:\windows\Microsoft.Net\assembly\GAC_MSIL\System.DirectoryServices.Protocols\v4.0_4.0.0.0__b03f5f7f11d50a3a\System.DirectoryServices.Protocols.dll</ModulePath>
      <ModuleTime>2018-02-09T12:12:19.8176248Z</ModuleTime>
      <ModuleName>System.DirectoryServices.Protocols</ModuleName>
      <Classes />
    </Module>
    <Module skippedDueTo="Filter" hash="28-75-7B-50-0F-43-80-AA-76-99-96-D1-49-F9-0D-91-DE-FC-CD-3C">
      <ModulePath>C:\windows\Microsoft.Net\assembly\GAC_MSIL\System.DirectoryServices\v4.0_4.0.0.0__b03f5f7f11d50a3a\System.DirectoryServices.dll</ModulePath>
      <ModuleTime>2018-02-09T12:12:19.7765954Z</ModuleTime>
      <ModuleName>System.DirectoryServices</ModuleName>
      <Classes />
    </Module>
    <Module skippedDueTo="MissingPdb" hash="BA-1C-B3-8A-9F-E7-C5-A5-4C-5E-6A-8D-D4-EB-02-E3-1D-87-C2-3D">
      <ModulePath>C:\windows\Microsoft.Net\assembly\GAC_MSIL\Microsoft.Build.Framework\v4.0_4.0.0.0__b03f5f7f11d50a3a\Microsoft.Build.Framework.dll</ModulePath>
      <ModuleTime>2018-02-09T12:12:22.7934883Z</ModuleTime>
      <ModuleName>Microsoft.Build.Framework</ModuleName>
      <Classes />
    </Module>
    <Module skippedDueTo="Filter" hash="57-9C-BC-98-70-59-37-68-69-F2-20-A5-CD-76-2A-05-B9-8A-9C-F3">
      <ModulePath>C:\windows\Microsoft.Net\assembly\GAC_MSIL\System.Runtime.Caching\v4.0_4.0.0.0__b03f5f7f11d50a3a\System.Runtime.Caching.dll</ModulePath>
      <ModuleTime>2018-02-09T12:12:18.4145349Z</ModuleTime>
      <ModuleName>System.Runtime.Caching</ModuleName>
      <Classes />
    </Module>
    <Module skippedDueTo="Filter" hash="69-C0-A9-16-92-53-7A-9F-AA-F3-9B-36-D7-D5-BA-1F-FF-D2-96-15">
      <ModulePath>C:\windows\Microsoft.Net\assembly\GAC_MSIL\System.Data.SqlXml\v4.0_4.0.0.0__b77a5c561934e089\System.Data.SqlXml.dll</ModulePath>
      <ModuleTime>2018-02-09T12:12:20.1168372Z</ModuleTime>
      <ModuleName>System.Data.SqlXml</ModuleName>
      <Classes />
    </Module>
    <Module skippedDueTo="Filter" hash="75-01-BE-6B-4E-4E-23-41-47-43-96-81-F2-C2-C5-90-3E-E9-61-59">
      <ModulePath>C:\windows\Microsoft.Net\assembly\GAC_MSIL\System.ServiceModel.Internals\v4.0_4.0.0.0__31bf3856ad364e35\System.ServiceModel.Internals.dll</ModulePath>
      <ModuleTime>2018-02-09T12:12:17.7781012Z</ModuleTime>
      <ModuleName>System.ServiceModel.Internals</ModuleName>
      <Classes />
    </Module>
    <Module skippedDueTo="Filter" hash="66-AE-37-19-43-9C-C6-F8-5C-B5-C2-F1-2C-83-3B-4B-DF-BF-C4-FA">
      <ModulePath>C:\windows\Microsoft.Net\assembly\GAC_64\System.EnterpriseServices\v4.0_4.0.0.0__b03f5f7f11d50a3a\System.EnterpriseServices.Wrapper.dll</ModulePath>
      <ModuleTime>2018-02-09T12:12:01.6974656Z</ModuleTime>
      <ModuleName>System.EnterpriseServices</ModuleName>
      <Classes />
    </Module>
    <Module skippedDueTo="Filter" hash="FC-FE-E5-ED-6A-DC-B6-40-E2-18-8D-5A-DC-FD-FA-75-EF-A8-9E-9C">
      <ModulePath>C:\windows\Microsoft.Net\assembly\GAC_MSIL\System.Core\v4.0_4.0.0.0__b77a5c561934e089\System.Core.dll</ModulePath>
      <ModuleTime>2018-02-09T12:12:20.4880795Z</ModuleTime>
      <ModuleName>System.Core</ModuleName>
      <Classes />
    </Module>
  </Modules>
</CoverageSession>